2020-03-22 18:58:36,503 INFO o.a.j.u.JMeterUtils: Setting Locale to en_EN
2020-03-22 18:58:37,133 INFO o.a.j.JMeter: Loading user properties from: /home/muggy/software/apache-jmeter-5.2.1/bin/user.properties
2020-03-22 18:58:37,133 INFO o.a.j.JMeter: Loading system properties from: /home/muggy/software/apache-jmeter-5.2.1/bin/system.properties
2020-03-22 18:58:37,135 INFO o.a.j.JMeter: Copyright (c) 1998-2019 The Apache Software Foundation
2020-03-22 18:58:37,135 INFO o.a.j.JMeter: Version 5.2.1
2020-03-22 18:58:37,135 INFO o.a.j.JMeter: java.version=11.0.6
2020-03-22 18:58:37,135 INFO o.a.j.JMeter: java.vm.name=OpenJDK 64-Bit Server VM
2020-03-22 18:58:37,135 INFO o.a.j.JMeter: os.name=Linux
2020-03-22 18:58:37,136 INFO o.a.j.JMeter: os.arch=amd64
2020-03-22 18:58:37,136 INFO o.a.j.JMeter: os.version=4.15.0-91-generic
2020-03-22 18:58:37,136 INFO o.a.j.JMeter: file.encoding=UTF-8
2020-03-22 18:58:37,136 INFO o.a.j.JMeter: java.awt.headless=null
2020-03-22 18:58:37,136 INFO o.a.j.JMeter: Max memory     =1073741824
2020-03-22 18:58:37,136 INFO o.a.j.JMeter: Available Processors =4
2020-03-22 18:58:37,153 INFO o.a.j.JMeter: Default Locale=English (EN)
2020-03-22 18:58:37,153 INFO o.a.j.JMeter: JMeter  Locale=English (EN)
2020-03-22 18:58:37,154 INFO o.a.j.JMeter: JMeterHome=/home/muggy/software/apache-jmeter-5.2.1
2020-03-22 18:58:37,154 INFO o.a.j.JMeter: user.dir  =/home/muggy/leic_3ano_2semestre/es/project/proj1/es20al_10-project/backend/jmeter/tournament
2020-03-22 18:58:37,154 INFO o.a.j.JMeter: PWD       =/home/muggy/leic_3ano_2semestre/es/project/proj1/es20al_10-project/backend/jmeter/tournament
2020-03-22 18:58:37,154 INFO o.a.j.JMeter: IP: 127.0.1.1 Name: muggy-VirtualBox FullName: muggy-VirtualBox
2020-03-22 18:58:37,808 INFO o.a.j.g.a.LookAndFeelCommand: Installing Darcula LAF
2020-03-22 18:58:37,908 INFO o.a.j.g.a.LookAndFeelCommand: Using look and feel: com.bulenkov.darcula.DarculaLaf [Darcula]
2020-03-22 18:58:37,910 INFO o.a.j.JMeter: Setting LAF to: com.bulenkov.darcula.DarculaLaf
2020-03-22 18:58:38,058 INFO o.a.j.JMeter: Loaded icon properties from org/apache/jmeter/images/icon.properties
2020-03-22 18:58:41,196 INFO o.a.j.p.h.s.HTTPSamplerBase: Parser for text/html is org.apache.jmeter.protocol.http.parser.LagartoBasedHtmlParser
2020-03-22 18:58:41,198 INFO o.a.j.p.h.s.HTTPSamplerBase: Parser for application/xhtml+xml is org.apache.jmeter.protocol.http.parser.LagartoBasedHtmlParser
2020-03-22 18:58:41,199 INFO o.a.j.p.h.s.HTTPSamplerBase: Parser for application/xml is org.apache.jmeter.protocol.http.parser.LagartoBasedHtmlParser
2020-03-22 18:58:41,199 INFO o.a.j.p.h.s.HTTPSamplerBase: Parser for text/xml is org.apache.jmeter.protocol.http.parser.LagartoBasedHtmlParser
2020-03-22 18:58:41,199 INFO o.a.j.p.h.s.HTTPSamplerBase: Parser for text/vnd.wap.wml is org.apache.jmeter.protocol.http.parser.RegexpHTMLParser
2020-03-22 18:58:41,199 INFO o.a.j.p.h.s.HTTPSamplerBase: Parser for text/css is org.apache.jmeter.protocol.http.parser.CssParser
2020-03-22 18:58:42,729 INFO o.a.j.e.KeyToolUtils: keytool found at 'keytool'
2020-03-22 18:58:42,731 INFO o.a.j.p.h.p.ProxyControl: HTTP(S) Test Script Recorder SSL Proxy will use keys that support embedded 3rd party resources in file /home/muggy/software/apache-jmeter-5.2.1/bin/proxyserver.jks
2020-03-22 18:58:42,963 INFO o.a.j.s.FileServer: Default base='/home/muggy/leic_3ano_2semestre/es/project/proj1/es20al_10-project/backend/jmeter/tournament'
2020-03-22 18:58:43,972 INFO o.a.j.s.SampleResult: Note: Sample TimeStamps are START times
2020-03-22 18:58:43,972 INFO o.a.j.s.SampleResult: sampleresult.default.encoding is set to ISO-8859-1
2020-03-22 18:58:43,973 INFO o.a.j.s.SampleResult: sampleresult.useNanoTime=true
2020-03-22 18:58:43,973 INFO o.a.j.s.SampleResult: sampleresult.nanoThreadSleep=5000
2020-03-22 18:58:44,018 INFO o.a.j.v.ViewResultsFullVisualizer: Add JavaFX to your Java installation if you want to use renderer: org.apache.jmeter.visualizers.RenderInBrowser
2020-03-22 18:58:57,091 INFO o.a.j.g.a.Load: Loading file: /home/muggy/leic_3ano_2semestre/es/project/proj1/es20al_10-project/backend/jmeter/tournament/WSSignUpForTournamentTest.jmx
2020-03-22 18:58:57,092 INFO o.a.j.s.FileServer: Set new base='/home/muggy/leic_3ano_2semestre/es/project/proj1/es20al_10-project/backend/jmeter/tournament'
2020-03-22 18:58:57,249 INFO o.a.j.s.SaveService: Testplan (JMX) version: 2.2. Testlog (JTL) version: 2.2
2020-03-22 18:58:57,271 INFO o.a.j.s.SaveService: Using SaveService properties version 5.0
2020-03-22 18:58:57,274 INFO o.a.j.s.SaveService: Using SaveService properties file encoding UTF-8
2020-03-22 18:58:57,277 INFO o.a.j.s.SaveService: Loading file: /home/muggy/leic_3ano_2semestre/es/project/proj1/es20al_10-project/backend/jmeter/tournament/WSSignUpForTournamentTest.jmx
2020-03-22 18:58:57,486 INFO o.a.j.v.ViewResultsFullVisualizer: Add JavaFX to your Java installation if you want to use renderer: org.apache.jmeter.visualizers.RenderInBrowser
2020-03-22 18:58:57,595 INFO o.a.j.v.ViewResultsFullVisualizer: Add JavaFX to your Java installation if you want to use renderer: org.apache.jmeter.visualizers.RenderInBrowser
2020-03-22 18:58:57,646 INFO o.a.j.v.ViewResultsFullVisualizer: Add JavaFX to your Java installation if you want to use renderer: org.apache.jmeter.visualizers.RenderInBrowser
2020-03-22 18:58:57,684 INFO o.a.j.v.ViewResultsFullVisualizer: Add JavaFX to your Java installation if you want to use renderer: org.apache.jmeter.visualizers.RenderInBrowser
2020-03-22 18:58:57,713 INFO o.a.j.s.FileServer: Set new base='/home/muggy/leic_3ano_2semestre/es/project/proj1/es20al_10-project/backend/jmeter/tournament'
2020-03-22 18:59:44,972 INFO o.a.j.e.StandardJMeterEngine: Running the test!
2020-03-22 18:59:44,978 INFO o.a.j.s.SampleEvent: List of sample_variables: []
2020-03-22 18:59:44,978 INFO o.a.j.s.SampleEvent: List of sample_variables: []
2020-03-22 18:59:44,981 INFO o.a.j.e.u.CompoundVariable: Note: Function class names must contain the string: '.functions.'
2020-03-22 18:59:44,981 INFO o.a.j.e.u.CompoundVariable: Note: Function class names must not contain the string: '.gui.'
2020-03-22 18:59:45,684 INFO o.a.j.g.u.JMeterMenuBar: setRunning(true, *local*)
2020-03-22 18:59:45,687 INFO o.a.j.e.StandardJMeterEngine: Starting setUp thread groups
2020-03-22 18:59:45,687 INFO o.a.j.e.StandardJMeterEngine: Starting setUp ThreadGroup: 1 : setUp Thread Group 
2020-03-22 18:59:45,688 INFO o.a.j.e.StandardJMeterEngine: Starting 1 threads for group setUp Thread Group.
2020-03-22 18:59:45,689 INFO o.a.j.e.StandardJMeterEngine: Thread will continue on error
2020-03-22 18:59:45,689 INFO o.a.j.t.ThreadGroup: Starting thread group... number=1 threads=1 ramp-up=1 delayedStart=false
2020-03-22 18:59:45,706 INFO o.a.j.t.ThreadGroup: Started thread group number 1
2020-03-22 18:59:45,706 INFO o.a.j.e.StandardJMeterEngine: Waiting for all setup thread groups to exit
2020-03-22 18:59:45,714 INFO o.a.j.t.JMeterThread: Thread started: setUp Thread Group 1-1
2020-03-22 18:59:49,206 INFO o.a.j.t.JMeterThread: Thread is done: setUp Thread Group 1-1
2020-03-22 18:59:49,206 INFO o.a.j.t.JMeterThread: Thread finished: setUp Thread Group 1-1
2020-03-22 18:59:49,207 INFO o.a.j.e.StandardJMeterEngine: All Setup Threads have ended
2020-03-22 18:59:49,327 INFO o.a.j.e.StandardJMeterEngine: Starting ThreadGroup: 1 : Users Thread Group
2020-03-22 18:59:49,327 INFO o.a.j.e.StandardJMeterEngine: Starting 1 threads for group Users Thread Group.
2020-03-22 18:59:49,327 INFO o.a.j.e.StandardJMeterEngine: Thread will continue on error
2020-03-22 18:59:49,328 INFO o.a.j.t.ThreadGroup: Starting thread group... number=1 threads=1 ramp-up=1 delayedStart=false
2020-03-22 18:59:49,331 INFO o.a.j.t.ThreadGroup: Started thread group number 1
2020-03-22 18:59:49,332 INFO o.a.j.e.StandardJMeterEngine: All thread groups have been started
2020-03-22 18:59:49,336 INFO o.a.j.t.JMeterThread: Thread started: Users Thread Group 1-1
2020-03-22 18:59:49,352 INFO o.a.j.p.h.s.HTTPHCAbstractImpl: Local host = muggy-VirtualBox
2020-03-22 18:59:49,361 INFO o.a.j.p.h.s.HTTPHC4Impl: HTTP request retry count = 0
2020-03-22 18:59:55,048 INFO o.a.j.t.JMeterThread: Thread is done: Users Thread Group 1-1
2020-03-22 18:59:55,049 INFO o.a.j.t.JMeterThread: Thread finished: Users Thread Group 1-1
2020-03-22 18:59:55,051 INFO o.a.j.e.StandardJMeterEngine: Starting tearDown thread groups
2020-03-22 18:59:55,052 INFO o.a.j.e.StandardJMeterEngine: Starting tearDown ThreadGroup: 1 : tearDown Thread Group
2020-03-22 18:59:55,052 INFO o.a.j.e.StandardJMeterEngine: Starting 1 threads for group tearDown Thread Group.
2020-03-22 18:59:55,053 INFO o.a.j.e.StandardJMeterEngine: Thread will continue on error
2020-03-22 18:59:55,054 INFO o.a.j.t.ThreadGroup: Starting thread group... number=1 threads=1 ramp-up=1 delayedStart=false
2020-03-22 18:59:55,056 INFO o.a.j.t.ThreadGroup: Started thread group number 1
2020-03-22 18:59:55,056 INFO o.a.j.t.JMeterThread: Thread started: tearDown Thread Group 1-1
2020-03-22 18:59:55,252 INFO o.a.j.t.JMeterThread: Thread is done: tearDown Thread Group 1-1
2020-03-22 18:59:55,252 INFO o.a.j.t.JMeterThread: Thread finished: tearDown Thread Group 1-1
2020-03-22 18:59:55,252 INFO o.a.j.e.StandardJMeterEngine: Notifying test listeners of end of test
2020-03-22 18:59:55,262 INFO o.a.j.g.u.JMeterMenuBar: setRunning(false, *local*)
2020-03-22 19:00:13,402 INFO o.a.j.e.StandardJMeterEngine: Running the test!
2020-03-22 19:00:13,403 INFO o.a.j.s.SampleEvent: List of sample_variables: []
2020-03-22 19:00:13,410 INFO o.a.j.g.u.JMeterMenuBar: setRunning(true, *local*)
2020-03-22 19:00:13,412 INFO o.a.j.e.StandardJMeterEngine: Starting setUp thread groups
2020-03-22 19:00:13,412 INFO o.a.j.e.StandardJMeterEngine: Starting setUp ThreadGroup: 1 : setUp Thread Group 
2020-03-22 19:00:13,412 INFO o.a.j.e.StandardJMeterEngine: Starting 1 threads for group setUp Thread Group.
2020-03-22 19:00:13,412 INFO o.a.j.e.StandardJMeterEngine: Thread will continue on error
2020-03-22 19:00:13,413 INFO o.a.j.t.ThreadGroup: Starting thread group... number=1 threads=1 ramp-up=1 delayedStart=false
2020-03-22 19:00:13,416 INFO o.a.j.t.ThreadGroup: Started thread group number 1
2020-03-22 19:00:13,417 INFO o.a.j.e.StandardJMeterEngine: Waiting for all setup thread groups to exit
2020-03-22 19:00:13,417 INFO o.a.j.t.JMeterThread: Thread started: setUp Thread Group 1-1
2020-03-22 19:00:13,705 INFO o.a.j.t.JMeterThread: Thread is done: setUp Thread Group 1-1
2020-03-22 19:00:13,705 INFO o.a.j.t.JMeterThread: Thread finished: setUp Thread Group 1-1
2020-03-22 19:00:13,707 INFO o.a.j.e.StandardJMeterEngine: All Setup Threads have ended
2020-03-22 19:00:13,805 INFO o.a.j.e.StandardJMeterEngine: Starting ThreadGroup: 1 : Users Thread Group
2020-03-22 19:00:13,805 INFO o.a.j.e.StandardJMeterEngine: Starting 1 threads for group Users Thread Group.
2020-03-22 19:00:13,806 INFO o.a.j.e.StandardJMeterEngine: Thread will continue on error
2020-03-22 19:00:13,806 INFO o.a.j.t.ThreadGroup: Starting thread group... number=1 threads=1 ramp-up=1 delayedStart=false
2020-03-22 19:00:13,807 INFO o.a.j.t.ThreadGroup: Started thread group number 1
2020-03-22 19:00:13,807 INFO o.a.j.e.StandardJMeterEngine: All thread groups have been started
2020-03-22 19:00:13,807 INFO o.a.j.t.JMeterThread: Thread started: Users Thread Group 1-1
2020-03-22 19:00:13,937 INFO o.a.j.t.JMeterThread: Thread is done: Users Thread Group 1-1
2020-03-22 19:00:13,937 INFO o.a.j.t.JMeterThread: Thread finished: Users Thread Group 1-1
2020-03-22 19:00:13,938 INFO o.a.j.e.StandardJMeterEngine: Starting tearDown thread groups
2020-03-22 19:00:13,938 INFO o.a.j.e.StandardJMeterEngine: Starting tearDown ThreadGroup: 1 : tearDown Thread Group
2020-03-22 19:00:13,938 INFO o.a.j.e.StandardJMeterEngine: Starting 1 threads for group tearDown Thread Group.
2020-03-22 19:00:13,938 INFO o.a.j.e.StandardJMeterEngine: Thread will continue on error
2020-03-22 19:00:13,939 INFO o.a.j.t.ThreadGroup: Starting thread group... number=1 threads=1 ramp-up=1 delayedStart=false
2020-03-22 19:00:13,940 INFO o.a.j.t.ThreadGroup: Started thread group number 1
2020-03-22 19:00:13,941 INFO o.a.j.t.JMeterThread: Thread started: tearDown Thread Group 1-1
2020-03-22 19:00:14,094 INFO o.a.j.t.JMeterThread: Thread is done: tearDown Thread Group 1-1
2020-03-22 19:00:14,094 INFO o.a.j.t.JMeterThread: Thread finished: tearDown Thread Group 1-1
2020-03-22 19:00:14,096 INFO o.a.j.e.StandardJMeterEngine: Notifying test listeners of end of test
2020-03-22 19:00:14,105 INFO o.a.j.g.u.JMeterMenuBar: setRunning(false, *local*)
2020-03-22 19:00:18,974 INFO o.a.j.e.StandardJMeterEngine: Running the test!
2020-03-22 19:00:18,974 INFO o.a.j.s.SampleEvent: List of sample_variables: []
2020-03-22 19:00:18,982 INFO o.a.j.g.u.JMeterMenuBar: setRunning(true, *local*)
2020-03-22 19:00:18,988 INFO o.a.j.e.StandardJMeterEngine: Starting setUp thread groups
2020-03-22 19:00:18,988 INFO o.a.j.e.StandardJMeterEngine: Starting setUp ThreadGroup: 1 : setUp Thread Group 
2020-03-22 19:00:18,988 INFO o.a.j.e.StandardJMeterEngine: Starting 1 threads for group setUp Thread Group.
2020-03-22 19:00:18,988 INFO o.a.j.e.StandardJMeterEngine: Thread will continue on error
2020-03-22 19:00:18,988 INFO o.a.j.t.ThreadGroup: Starting thread group... number=1 threads=1 ramp-up=1 delayedStart=false
2020-03-22 19:00:18,990 INFO o.a.j.t.ThreadGroup: Started thread group number 1
2020-03-22 19:00:18,990 INFO o.a.j.e.StandardJMeterEngine: Waiting for all setup thread groups to exit
2020-03-22 19:00:18,991 INFO o.a.j.t.JMeterThread: Thread started: setUp Thread Group 1-1
2020-03-22 19:00:19,107 INFO o.a.j.t.JMeterThread: Thread is done: setUp Thread Group 1-1
2020-03-22 19:00:19,108 INFO o.a.j.t.JMeterThread: Thread finished: setUp Thread Group 1-1
2020-03-22 19:00:19,108 INFO o.a.j.e.StandardJMeterEngine: All Setup Threads have ended
2020-03-22 19:00:19,172 INFO o.a.j.e.StandardJMeterEngine: Starting ThreadGroup: 1 : Users Thread Group
2020-03-22 19:00:19,172 INFO o.a.j.e.StandardJMeterEngine: Starting 1 threads for group Users Thread Group.
2020-03-22 19:00:19,172 INFO o.a.j.e.StandardJMeterEngine: Thread will continue on error
2020-03-22 19:00:19,173 INFO o.a.j.t.ThreadGroup: Starting thread group... number=1 threads=1 ramp-up=1 delayedStart=false
2020-03-22 19:00:19,174 INFO o.a.j.t.ThreadGroup: Started thread group number 1
2020-03-22 19:00:19,174 INFO o.a.j.e.StandardJMeterEngine: All thread groups have been started
2020-03-22 19:00:19,175 INFO o.a.j.t.JMeterThread: Thread started: Users Thread Group 1-1
2020-03-22 19:00:19,322 INFO o.a.j.t.JMeterThread: Thread is done: Users Thread Group 1-1
2020-03-22 19:00:19,322 INFO o.a.j.t.JMeterThread: Thread finished: Users Thread Group 1-1
2020-03-22 19:00:19,323 INFO o.a.j.e.StandardJMeterEngine: Starting tearDown thread groups
2020-03-22 19:00:19,323 INFO o.a.j.e.StandardJMeterEngine: Starting tearDown ThreadGroup: 1 : tearDown Thread Group
2020-03-22 19:00:19,323 INFO o.a.j.e.StandardJMeterEngine: Starting 1 threads for group tearDown Thread Group.
2020-03-22 19:00:19,323 INFO o.a.j.e.StandardJMeterEngine: Thread will continue on error
2020-03-22 19:00:19,323 INFO o.a.j.t.ThreadGroup: Starting thread group... number=1 threads=1 ramp-up=1 delayedStart=false
2020-03-22 19:00:19,325 INFO o.a.j.t.ThreadGroup: Started thread group number 1
2020-03-22 19:00:19,325 INFO o.a.j.t.JMeterThread: Thread started: tearDown Thread Group 1-1
2020-03-22 19:00:19,436 INFO o.a.j.t.JMeterThread: Thread is done: tearDown Thread Group 1-1
2020-03-22 19:00:19,436 INFO o.a.j.t.JMeterThread: Thread finished: tearDown Thread Group 1-1
2020-03-22 19:00:19,437 INFO o.a.j.e.StandardJMeterEngine: Notifying test listeners of end of test
2020-03-22 19:00:19,440 INFO o.a.j.g.u.JMeterMenuBar: setRunning(false, *local*)
2020-03-22 19:00:50,794 INFO o.a.j.e.StandardJMeterEngine: Running the test!
2020-03-22 19:00:50,795 INFO o.a.j.s.SampleEvent: List of sample_variables: []
2020-03-22 19:00:50,798 INFO o.a.j.g.u.JMeterMenuBar: setRunning(true, *local*)
2020-03-22 19:00:50,801 INFO o.a.j.e.StandardJMeterEngine: Starting setUp thread groups
2020-03-22 19:00:50,801 INFO o.a.j.e.StandardJMeterEngine: Starting setUp ThreadGroup: 1 : setUp Thread Group 
2020-03-22 19:00:50,801 INFO o.a.j.e.StandardJMeterEngine: Starting 1 threads for group setUp Thread Group.
2020-03-22 19:00:50,802 INFO o.a.j.e.StandardJMeterEngine: Thread will continue on error
2020-03-22 19:00:50,802 INFO o.a.j.t.ThreadGroup: Starting thread group... number=1 threads=1 ramp-up=1 delayedStart=false
2020-03-22 19:00:50,813 INFO o.a.j.t.ThreadGroup: Started thread group number 1
2020-03-22 19:00:50,813 INFO o.a.j.e.StandardJMeterEngine: Waiting for all setup thread groups to exit
2020-03-22 19:00:50,813 INFO o.a.j.t.JMeterThread: Thread started: setUp Thread Group 1-1
2020-03-22 19:00:50,922 INFO o.a.j.t.JMeterThread: Thread is done: setUp Thread Group 1-1
2020-03-22 19:00:50,922 INFO o.a.j.t.JMeterThread: Thread finished: setUp Thread Group 1-1
2020-03-22 19:00:50,922 INFO o.a.j.e.StandardJMeterEngine: All Setup Threads have ended
2020-03-22 19:00:50,992 INFO o.a.j.e.StandardJMeterEngine: Starting ThreadGroup: 1 : Users Thread Group
2020-03-22 19:00:50,992 INFO o.a.j.e.StandardJMeterEngine: Starting 1 threads for group Users Thread Group.
2020-03-22 19:00:50,992 INFO o.a.j.e.StandardJMeterEngine: Thread will continue on error
2020-03-22 19:00:50,992 INFO o.a.j.t.ThreadGroup: Starting thread group... number=1 threads=1 ramp-up=1 delayedStart=false
2020-03-22 19:00:50,995 INFO o.a.j.t.ThreadGroup: Started thread group number 1
2020-03-22 19:00:50,995 INFO o.a.j.e.StandardJMeterEngine: All thread groups have been started
2020-03-22 19:00:50,998 INFO o.a.j.t.JMeterThread: Thread started: Users Thread Group 1-1
2020-03-22 19:00:51,124 INFO o.a.j.t.JMeterThread: Thread is done: Users Thread Group 1-1
2020-03-22 19:00:51,124 INFO o.a.j.t.JMeterThread: Thread finished: Users Thread Group 1-1
2020-03-22 19:00:51,125 INFO o.a.j.e.StandardJMeterEngine: Starting tearDown thread groups
2020-03-22 19:00:51,125 INFO o.a.j.e.StandardJMeterEngine: Starting tearDown ThreadGroup: 1 : tearDown Thread Group
2020-03-22 19:00:51,126 INFO o.a.j.e.StandardJMeterEngine: Starting 1 threads for group tearDown Thread Group.
2020-03-22 19:00:51,126 INFO o.a.j.e.StandardJMeterEngine: Thread will continue on error
2020-03-22 19:00:51,126 INFO o.a.j.t.ThreadGroup: Starting thread group... number=1 threads=1 ramp-up=1 delayedStart=false
2020-03-22 19:00:51,127 INFO o.a.j.t.ThreadGroup: Started thread group number 1
2020-03-22 19:00:51,127 INFO o.a.j.t.JMeterThread: Thread started: tearDown Thread Group 1-1
2020-03-22 19:00:51,225 INFO o.a.j.t.JMeterThread: Thread is done: tearDown Thread Group 1-1
2020-03-22 19:00:51,225 INFO o.a.j.t.JMeterThread: Thread finished: tearDown Thread Group 1-1
2020-03-22 19:00:51,226 INFO o.a.j.e.StandardJMeterEngine: Notifying test listeners of end of test
2020-03-22 19:00:51,231 INFO o.a.j.g.u.JMeterMenuBar: setRunning(false, *local*)
2020-03-22 20:04:36,773 INFO o.a.j.g.a.Load: Loading file: /home/muggy/leic_3ano_2semestre/es/project/proj1/es20al_10-project/backend/jmeter/tournament/WSSignUpForTournamentLoadTest.jmx
2020-03-22 20:04:36,815 INFO o.a.j.s.FileServer: Set new base='/home/muggy/leic_3ano_2semestre/es/project/proj1/es20al_10-project/backend/jmeter/tournament'
2020-03-22 20:04:36,816 INFO o.a.j.s.SaveService: Loading file: /home/muggy/leic_3ano_2semestre/es/project/proj1/es20al_10-project/backend/jmeter/tournament/WSSignUpForTournamentLoadTest.jmx
2020-03-22 20:04:36,953 INFO o.a.j.v.ViewResultsFullVisualizer: Add JavaFX to your Java installation if you want to use renderer: org.apache.jmeter.visualizers.RenderInBrowser
2020-03-22 20:04:37,038 INFO o.a.j.v.ViewResultsFullVisualizer: Add JavaFX to your Java installation if you want to use renderer: org.apache.jmeter.visualizers.RenderInBrowser
2020-03-22 20:04:37,091 INFO o.a.j.v.ViewResultsFullVisualizer: Add JavaFX to your Java installation if you want to use renderer: org.apache.jmeter.visualizers.RenderInBrowser
2020-03-22 20:04:37,144 INFO o.a.j.v.ViewResultsFullVisualizer: Add JavaFX to your Java installation if you want to use renderer: org.apache.jmeter.visualizers.RenderInBrowser
2020-03-22 20:04:37,188 INFO o.a.j.s.FileServer: Set new base='/home/muggy/leic_3ano_2semestre/es/project/proj1/es20al_10-project/backend/jmeter/tournament'
2020-03-22 20:06:18,861 INFO o.a.j.e.StandardJMeterEngine: Running the test!
2020-03-22 20:06:18,863 INFO o.a.j.s.SampleEvent: List of sample_variables: []
2020-03-22 20:06:18,877 INFO o.a.j.g.u.JMeterMenuBar: setRunning(true, *local*)
2020-03-22 20:06:18,905 INFO o.a.j.e.StandardJMeterEngine: Starting setUp thread groups
2020-03-22 20:06:18,905 INFO o.a.j.e.StandardJMeterEngine: Starting setUp ThreadGroup: 1 : setUp Thread Group 
2020-03-22 20:06:18,905 INFO o.a.j.e.StandardJMeterEngine: Starting 1 threads for group setUp Thread Group.
2020-03-22 20:06:18,905 INFO o.a.j.e.StandardJMeterEngine: Thread will continue on error
2020-03-22 20:06:18,906 INFO o.a.j.t.ThreadGroup: Starting thread group... number=1 threads=1 ramp-up=1 delayedStart=false
2020-03-22 20:06:18,906 INFO o.a.j.t.ThreadGroup: Started thread group number 1
2020-03-22 20:06:18,906 INFO o.a.j.e.StandardJMeterEngine: Waiting for all setup thread groups to exit
2020-03-22 20:06:18,909 INFO o.a.j.t.JMeterThread: Thread started: setUp Thread Group 1-1
2020-03-22 20:06:19,068 INFO o.a.j.s.FileServer: Stored: /home/muggy/leic_3ano_2semestre/es/project/proj1/es20al_10-project/backend/jmeter/tournament/TournamentDataForSignUp.csv
2020-03-22 20:06:55,039 INFO o.a.j.t.JMeterThread: Thread is done: setUp Thread Group 1-1
2020-03-22 20:06:55,040 INFO o.a.j.t.JMeterThread: Thread finished: setUp Thread Group 1-1
2020-03-22 20:06:55,040 INFO o.a.j.e.StandardJMeterEngine: All Setup Threads have ended
2020-03-22 20:06:55,225 INFO o.a.j.e.StandardJMeterEngine: Starting ThreadGroup: 1 : 100 Users Thread Group
2020-03-22 20:06:55,225 INFO o.a.j.e.StandardJMeterEngine: Starting 100 threads for group 100 Users Thread Group.
2020-03-22 20:06:55,225 INFO o.a.j.e.StandardJMeterEngine: Thread will continue on error
2020-03-22 20:06:55,225 INFO o.a.j.t.ThreadGroup: Starting thread group... number=1 threads=100 ramp-up=1 delayedStart=false
2020-03-22 20:06:55,231 INFO o.a.j.t.JMeterThread: Thread started: 100 Users Thread Group 1-1
2020-03-22 20:06:55,244 INFO o.a.j.t.JMeterThread: Thread started: 100 Users Thread Group 1-2
2020-03-22 20:06:55,256 INFO o.a.j.t.JMeterThread: Thread started: 100 Users Thread Group 1-3
2020-03-22 20:06:55,257 INFO o.a.j.t.JMeterThread: Thread started: 100 Users Thread Group 1-4
2020-03-22 20:06:55,269 INFO o.a.j.t.JMeterThread: Thread started: 100 Users Thread Group 1-5
2020-03-22 20:06:55,278 INFO o.a.j.t.JMeterThread: Thread started: 100 Users Thread Group 1-6
2020-03-22 20:06:55,287 INFO o.a.j.t.JMeterThread: Thread started: 100 Users Thread Group 1-7
2020-03-22 20:06:55,297 INFO o.a.j.t.JMeterThread: Thread started: 100 Users Thread Group 1-8
2020-03-22 20:06:55,324 INFO o.a.j.t.JMeterThread: Thread started: 100 Users Thread Group 1-10
2020-03-22 20:06:55,327 INFO o.a.j.t.JMeterThread: Thread started: 100 Users Thread Group 1-9
2020-03-22 20:06:55,338 INFO o.a.j.t.JMeterThread: Thread started: 100 Users Thread Group 1-12
2020-03-22 20:06:55,347 INFO o.a.j.t.JMeterThread: Thread started: 100 Users Thread Group 1-13
2020-03-22 20:06:55,355 INFO o.a.j.t.JMeterThread: Thread started: 100 Users Thread Group 1-11
2020-03-22 20:06:55,369 INFO o.a.j.t.JMeterThread: Thread started: 100 Users Thread Group 1-15
2020-03-22 20:06:55,382 INFO o.a.j.t.JMeterThread: Thread started: 100 Users Thread Group 1-16
2020-03-22 20:06:55,383 INFO o.a.j.t.JMeterThread: Thread started: 100 Users Thread Group 1-14
2020-03-22 20:06:55,391 INFO o.a.j.t.JMeterThread: Thread started: 100 Users Thread Group 1-17
2020-03-22 20:06:55,397 INFO o.a.j.s.FileServer: Stored: /home/muggy/leic_3ano_2semestre/es/project/proj1/es20al_10-project/backend/jmeter/tournament/TournamentDataForSignUp2.csv Alias: /home/muggy/leic_3ano_2semestre/es/project/proj1/es20al_10-project/backend/jmeter/tournament/TournamentDataForSignUp2.csv@1649406974
2020-03-22 20:06:55,411 INFO o.a.j.t.JMeterThread: Thread started: 100 Users Thread Group 1-19
2020-03-22 20:06:55,428 INFO o.a.j.t.JMeterThread: Thread started: 100 Users Thread Group 1-20
2020-03-22 20:06:55,431 INFO o.a.j.t.JMeterThread: Thread started: 100 Users Thread Group 1-18
2020-03-22 20:06:55,434 INFO o.a.j.t.JMeterThread: Thread started: 100 Users Thread Group 1-21
2020-03-22 20:06:55,442 INFO o.a.j.t.JMeterThread: Thread started: 100 Users Thread Group 1-22
2020-03-22 20:06:55,458 INFO o.a.j.t.ThreadGroup: Started thread group number 1
2020-03-22 20:06:55,458 INFO o.a.j.e.StandardJMeterEngine: All thread groups have been started
2020-03-22 20:06:55,463 INFO o.a.j.t.JMeterThread: Thread started: 100 Users Thread Group 1-23
2020-03-22 20:06:55,464 INFO o.a.j.t.JMeterThread: Thread started: 100 Users Thread Group 1-24
2020-03-22 20:06:55,469 INFO o.a.j.t.JMeterThread: Thread started: 100 Users Thread Group 1-25
2020-03-22 20:06:55,476 INFO o.a.j.t.JMeterThread: Thread started: 100 Users Thread Group 1-26
2020-03-22 20:06:55,489 INFO o.a.j.t.JMeterThread: Thread started: 100 Users Thread Group 1-27
2020-03-22 20:06:55,498 INFO o.a.j.t.JMeterThread: Thread started: 100 Users Thread Group 1-28
2020-03-22 20:06:55,513 INFO o.a.j.t.JMeterThread: Thread started: 100 Users Thread Group 1-29
2020-03-22 20:06:55,518 INFO o.a.j.t.JMeterThread: Thread started: 100 Users Thread Group 1-30
2020-03-22 20:06:55,530 INFO o.a.j.t.JMeterThread: Thread started: 100 Users Thread Group 1-31
2020-03-22 20:06:55,541 INFO o.a.j.t.JMeterThread: Thread started: 100 Users Thread Group 1-32
2020-03-22 20:06:55,547 INFO o.a.j.t.JMeterThread: Thread started: 100 Users Thread Group 1-33
2020-03-22 20:06:55,566 INFO o.a.j.t.JMeterThread: Thread started: 100 Users Thread Group 1-34
2020-03-22 20:06:55,583 INFO o.a.j.t.JMeterThread: Thread started: 100 Users Thread Group 1-36
2020-03-22 20:06:55,589 INFO o.a.j.t.JMeterThread: Thread started: 100 Users Thread Group 1-35
2020-03-22 20:06:55,589 INFO o.a.j.t.JMeterThread: Thread started: 100 Users Thread Group 1-37
2020-03-22 20:06:55,607 INFO o.a.j.t.JMeterThread: Thread started: 100 Users Thread Group 1-38
2020-03-22 20:06:55,618 INFO o.a.j.t.JMeterThread: Thread started: 100 Users Thread Group 1-40
2020-03-22 20:06:55,629 INFO o.a.j.t.JMeterThread: Thread started: 100 Users Thread Group 1-41
2020-03-22 20:06:55,636 INFO o.a.j.t.JMeterThread: Thread started: 100 Users Thread Group 1-39
2020-03-22 20:06:55,646 INFO o.a.j.t.JMeterThread: Thread started: 100 Users Thread Group 1-42
2020-03-22 20:06:55,656 INFO o.a.j.t.JMeterThread: Thread started: 100 Users Thread Group 1-43
2020-03-22 20:06:55,659 INFO o.a.j.t.JMeterThread: Thread started: 100 Users Thread Group 1-44
2020-03-22 20:06:55,673 INFO o.a.j.t.JMeterThread: Thread started: 100 Users Thread Group 1-45
2020-03-22 20:06:55,683 INFO o.a.j.t.JMeterThread: Thread started: 100 Users Thread Group 1-46
2020-03-22 20:06:55,687 INFO o.a.j.t.JMeterThread: Thread started: 100 Users Thread Group 1-47
2020-03-22 20:06:55,698 INFO o.a.j.t.JMeterThread: Thread started: 100 Users Thread Group 1-48
2020-03-22 20:06:55,707 INFO o.a.j.t.JMeterThread: Thread started: 100 Users Thread Group 1-49
2020-03-22 20:06:55,720 INFO o.a.j.t.JMeterThread: Thread started: 100 Users Thread Group 1-50
2020-03-22 20:06:55,726 INFO o.a.j.t.JMeterThread: Thread started: 100 Users Thread Group 1-51
2020-03-22 20:06:55,747 INFO o.a.j.t.JMeterThread: Thread started: 100 Users Thread Group 1-53
2020-03-22 20:06:55,757 INFO o.a.j.t.JMeterThread: Thread started: 100 Users Thread Group 1-52
2020-03-22 20:06:55,765 INFO o.a.j.t.JMeterThread: Thread started: 100 Users Thread Group 1-54
2020-03-22 20:06:55,767 INFO o.a.j.t.JMeterThread: Thread started: 100 Users Thread Group 1-55
2020-03-22 20:06:55,780 INFO o.a.j.t.JMeterThread: Thread started: 100 Users Thread Group 1-56
2020-03-22 20:06:55,788 INFO o.a.j.t.JMeterThread: Thread started: 100 Users Thread Group 1-57
2020-03-22 20:06:55,806 INFO o.a.j.t.JMeterThread: Thread started: 100 Users Thread Group 1-59
2020-03-22 20:06:55,817 INFO o.a.j.t.JMeterThread: Thread started: 100 Users Thread Group 1-60
2020-03-22 20:06:55,840 INFO o.a.j.t.JMeterThread: Thread started: 100 Users Thread Group 1-58
2020-03-22 20:06:55,847 INFO o.a.j.t.JMeterThread: Thread started: 100 Users Thread Group 1-63
2020-03-22 20:06:55,847 INFO o.a.j.t.JMeterThread: Thread started: 100 Users Thread Group 1-62
2020-03-22 20:06:55,856 INFO o.a.j.t.JMeterThread: Thread started: 100 Users Thread Group 1-64
2020-03-22 20:06:55,859 INFO o.a.j.t.JMeterThread: Thread started: 100 Users Thread Group 1-61
2020-03-22 20:06:55,872 INFO o.a.j.t.JMeterThread: Thread started: 100 Users Thread Group 1-65
2020-03-22 20:06:55,876 INFO o.a.j.t.JMeterThread: Thread started: 100 Users Thread Group 1-66
2020-03-22 20:06:55,887 INFO o.a.j.t.JMeterThread: Thread started: 100 Users Thread Group 1-67
2020-03-22 20:06:55,897 INFO o.a.j.t.JMeterThread: Thread started: 100 Users Thread Group 1-68
2020-03-22 20:06:55,906 INFO o.a.j.t.JMeterThread: Thread started: 100 Users Thread Group 1-69
2020-03-22 20:06:55,917 INFO o.a.j.t.JMeterThread: Thread started: 100 Users Thread Group 1-70
2020-03-22 20:06:55,928 INFO o.a.j.t.JMeterThread: Thread started: 100 Users Thread Group 1-71
2020-03-22 20:06:55,937 INFO o.a.j.t.JMeterThread: Thread started: 100 Users Thread Group 1-72
2020-03-22 20:06:55,948 INFO o.a.j.t.JMeterThread: Thread started: 100 Users Thread Group 1-73
2020-03-22 20:06:55,957 INFO o.a.j.t.JMeterThread: Thread started: 100 Users Thread Group 1-74
2020-03-22 20:06:55,966 INFO o.a.j.t.JMeterThread: Thread started: 100 Users Thread Group 1-75
2020-03-22 20:06:55,977 INFO o.a.j.t.JMeterThread: Thread started: 100 Users Thread Group 1-76
2020-03-22 20:06:55,986 INFO o.a.j.t.JMeterThread: Thread started: 100 Users Thread Group 1-77
2020-03-22 20:06:56,002 INFO o.a.j.t.JMeterThread: Thread started: 100 Users Thread Group 1-78
2020-03-22 20:06:56,008 INFO o.a.j.t.JMeterThread: Thread started: 100 Users Thread Group 1-79
2020-03-22 20:06:56,017 INFO o.a.j.t.JMeterThread: Thread started: 100 Users Thread Group 1-80
2020-03-22 20:06:56,029 INFO o.a.j.t.JMeterThread: Thread started: 100 Users Thread Group 1-81
2020-03-22 20:06:56,037 INFO o.a.j.t.JMeterThread: Thread started: 100 Users Thread Group 1-82
2020-03-22 20:06:56,046 INFO o.a.j.t.JMeterThread: Thread started: 100 Users Thread Group 1-83
2020-03-22 20:06:56,061 INFO o.a.j.t.JMeterThread: Thread started: 100 Users Thread Group 1-84
2020-03-22 20:06:56,086 INFO o.a.j.t.JMeterThread: Thread started: 100 Users Thread Group 1-87
2020-03-22 20:06:56,088 INFO o.a.j.t.JMeterThread: Thread started: 100 Users Thread Group 1-85
2020-03-22 20:06:56,095 INFO o.a.j.t.JMeterThread: Thread started: 100 Users Thread Group 1-86
2020-03-22 20:06:56,097 INFO o.a.j.t.JMeterThread: Thread started: 100 Users Thread Group 1-88
2020-03-22 20:06:56,106 INFO o.a.j.t.JMeterThread: Thread started: 100 Users Thread Group 1-89
2020-03-22 20:06:56,119 INFO o.a.j.t.JMeterThread: Thread started: 100 Users Thread Group 1-90
2020-03-22 20:06:56,126 INFO o.a.j.t.JMeterThread: Thread started: 100 Users Thread Group 1-91
2020-03-22 20:06:56,137 INFO o.a.j.t.JMeterThread: Thread started: 100 Users Thread Group 1-92
2020-03-22 20:06:56,148 INFO o.a.j.t.JMeterThread: Thread started: 100 Users Thread Group 1-93
2020-03-22 20:06:56,155 INFO o.a.j.t.JMeterThread: Thread started: 100 Users Thread Group 1-94
2020-03-22 20:06:56,166 INFO o.a.j.t.JMeterThread: Thread started: 100 Users Thread Group 1-95
2020-03-22 20:06:56,176 INFO o.a.j.t.JMeterThread: Thread started: 100 Users Thread Group 1-96
2020-03-22 20:06:56,186 INFO o.a.j.t.JMeterThread: Thread started: 100 Users Thread Group 1-97
2020-03-22 20:06:56,196 INFO o.a.j.t.JMeterThread: Thread started: 100 Users Thread Group 1-98
2020-03-22 20:06:56,207 INFO o.a.j.t.JMeterThread: Thread started: 100 Users Thread Group 1-99
2020-03-22 20:06:56,216 INFO o.a.j.t.JMeterThread: Thread started: 100 Users Thread Group 1-100
2020-03-22 20:07:20,489 INFO o.a.j.t.JMeterThread: Thread is done: 100 Users Thread Group 1-51
2020-03-22 20:07:21,427 INFO o.a.j.t.JMeterThread: Thread is done: 100 Users Thread Group 1-62
2020-03-22 20:07:27,308 INFO o.a.j.t.JMeterThread: Thread finished: 100 Users Thread Group 1-62
2020-03-22 20:07:27,308 INFO o.a.j.t.JMeterThread: Thread finished: 100 Users Thread Group 1-51
2020-03-22 20:07:20,684 INFO o.a.j.t.JMeterThread: Thread is done: 100 Users Thread Group 1-83
2020-03-22 20:07:20,688 INFO o.a.j.t.JMeterThread: Thread is done: 100 Users Thread Group 1-10
2020-03-22 20:07:20,699 INFO o.a.j.t.JMeterThread: Thread is done: 100 Users Thread Group 1-82
2020-03-22 20:07:27,311 INFO o.a.j.t.JMeterThread: Thread finished: 100 Users Thread Group 1-82
2020-03-22 20:07:27,311 INFO o.a.j.t.JMeterThread: Thread finished: 100 Users Thread Group 1-10
2020-03-22 20:07:20,695 INFO o.a.j.t.JMeterThread: Thread is done: 100 Users Thread Group 1-18
2020-03-22 20:07:27,311 INFO o.a.j.t.JMeterThread: Thread finished: 100 Users Thread Group 1-18
2020-03-22 20:07:20,694 INFO o.a.j.t.JMeterThread: Thread is done: 100 Users Thread Group 1-49
2020-03-22 20:07:27,312 INFO o.a.j.t.JMeterThread: Thread finished: 100 Users Thread Group 1-49
2020-03-22 20:07:20,694 INFO o.a.j.t.JMeterThread: Thread is done: 100 Users Thread Group 1-34
2020-03-22 20:07:20,693 INFO o.a.j.t.JMeterThread: Thread is done: 100 Users Thread Group 1-93
2020-03-22 20:07:20,693 INFO o.a.j.t.JMeterThread: Thread is done: 100 Users Thread Group 1-65
2020-03-22 20:07:20,693 INFO o.a.j.t.JMeterThread: Thread is done: 100 Users Thread Group 1-21
2020-03-22 20:07:27,313 INFO o.a.j.t.JMeterThread: Thread finished: 100 Users Thread Group 1-65
2020-03-22 20:07:27,313 INFO o.a.j.t.JMeterThread: Thread finished: 100 Users Thread Group 1-21
2020-03-22 20:07:20,693 INFO o.a.j.t.JMeterThread: Thread is done: 100 Users Thread Group 1-24
2020-03-22 20:07:20,692 INFO o.a.j.t.JMeterThread: Thread is done: 100 Users Thread Group 1-59
2020-03-22 20:07:20,691 INFO o.a.j.t.JMeterThread: Thread is done: 100 Users Thread Group 1-77
2020-03-22 20:07:27,313 INFO o.a.j.t.JMeterThread: Thread finished: 100 Users Thread Group 1-59
2020-03-22 20:07:27,313 INFO o.a.j.t.JMeterThread: Thread finished: 100 Users Thread Group 1-24
2020-03-22 20:07:20,690 INFO o.a.j.t.JMeterThread: Thread is done: 100 Users Thread Group 1-76
2020-03-22 20:07:27,314 INFO o.a.j.t.JMeterThread: Thread finished: 100 Users Thread Group 1-77
2020-03-22 20:07:20,689 INFO o.a.j.t.JMeterThread: Thread is done: 100 Users Thread Group 1-75
2020-03-22 20:07:20,686 INFO o.a.j.t.JMeterThread: Thread is done: 100 Users Thread Group 1-42
2020-03-22 20:07:20,685 INFO o.a.j.t.JMeterThread: Thread is done: 100 Users Thread Group 1-37
2020-03-22 20:07:27,315 INFO o.a.j.t.JMeterThread: Thread finished: 100 Users Thread Group 1-37
2020-03-22 20:07:27,315 INFO o.a.j.t.JMeterThread: Thread finished: 100 Users Thread Group 1-42
2020-03-22 20:07:20,684 INFO o.a.j.t.JMeterThread: Thread is done: 100 Users Thread Group 1-58
2020-03-22 20:07:20,679 INFO o.a.j.t.JMeterThread: Thread is done: 100 Users Thread Group 1-6
2020-03-22 20:07:27,317 INFO o.a.j.t.JMeterThread: Thread finished: 100 Users Thread Group 1-58
2020-03-22 20:07:27,317 INFO o.a.j.t.JMeterThread: Thread finished: 100 Users Thread Group 1-6
2020-03-22 20:07:20,677 INFO o.a.j.t.JMeterThread: Thread is done: 100 Users Thread Group 1-66
2020-03-22 20:07:27,318 INFO o.a.j.t.JMeterThread: Thread finished: 100 Users Thread Group 1-66
2020-03-22 20:07:20,674 INFO o.a.j.t.JMeterThread: Thread is done: 100 Users Thread Group 1-84
2020-03-22 20:07:20,674 INFO o.a.j.t.JMeterThread: Thread is done: 100 Users Thread Group 1-54
2020-03-22 20:07:27,318 INFO o.a.j.t.JMeterThread: Thread finished: 100 Users Thread Group 1-84
2020-03-22 20:07:27,318 INFO o.a.j.t.JMeterThread: Thread finished: 100 Users Thread Group 1-54
2020-03-22 20:07:20,672 INFO o.a.j.t.JMeterThread: Thread is done: 100 Users Thread Group 1-80
2020-03-22 20:07:20,670 INFO o.a.j.t.JMeterThread: Thread is done: 100 Users Thread Group 1-26
2020-03-22 20:07:27,319 INFO o.a.j.t.JMeterThread: Thread finished: 100 Users Thread Group 1-26
2020-03-22 20:07:27,319 INFO o.a.j.t.JMeterThread: Thread finished: 100 Users Thread Group 1-80
2020-03-22 20:07:20,670 INFO o.a.j.t.JMeterThread: Thread is done: 100 Users Thread Group 1-89
2020-03-22 20:07:20,669 INFO o.a.j.t.JMeterThread: Thread is done: 100 Users Thread Group 1-56
2020-03-22 20:07:20,669 INFO o.a.j.t.JMeterThread: Thread is done: 100 Users Thread Group 1-64
2020-03-22 20:07:27,319 INFO o.a.j.t.JMeterThread: Thread finished: 100 Users Thread Group 1-89
2020-03-22 20:07:20,668 INFO o.a.j.t.JMeterThread: Thread is done: 100 Users Thread Group 1-30
2020-03-22 20:07:27,319 INFO o.a.j.t.JMeterThread: Thread finished: 100 Users Thread Group 1-64
2020-03-22 20:07:27,319 INFO o.a.j.t.JMeterThread: Thread finished: 100 Users Thread Group 1-30
2020-03-22 20:07:20,668 INFO o.a.j.t.JMeterThread: Thread is done: 100 Users Thread Group 1-22
2020-03-22 20:07:20,667 INFO o.a.j.t.JMeterThread: Thread is done: 100 Users Thread Group 1-47
2020-03-22 20:07:27,319 INFO o.a.j.t.JMeterThread: Thread finished: 100 Users Thread Group 1-47
2020-03-22 20:07:20,667 INFO o.a.j.t.JMeterThread: Thread is done: 100 Users Thread Group 1-79
2020-03-22 20:07:27,319 INFO o.a.j.t.JMeterThread: Thread finished: 100 Users Thread Group 1-79
2020-03-22 20:07:20,663 INFO o.a.j.t.JMeterThread: Thread is done: 100 Users Thread Group 1-9
2020-03-22 20:07:20,663 INFO o.a.j.t.JMeterThread: Thread is done: 100 Users Thread Group 1-43
2020-03-22 20:07:27,319 INFO o.a.j.t.JMeterThread: Thread finished: 100 Users Thread Group 1-9
2020-03-22 20:07:20,663 INFO o.a.j.t.JMeterThread: Thread is done: 100 Users Thread Group 1-95
2020-03-22 20:07:20,663 INFO o.a.j.t.JMeterThread: Thread is done: 100 Users Thread Group 1-7
2020-03-22 20:07:27,320 INFO o.a.j.t.JMeterThread: Thread finished: 100 Users Thread Group 1-7
2020-03-22 20:07:20,663 INFO o.a.j.t.JMeterThread: Thread is done: 100 Users Thread Group 1-39
2020-03-22 20:07:20,662 INFO o.a.j.t.JMeterThread: Thread is done: 100 Users Thread Group 1-73
2020-03-22 20:07:27,320 INFO o.a.j.t.JMeterThread: Thread finished: 100 Users Thread Group 1-39
2020-03-22 20:07:20,662 INFO o.a.j.t.JMeterThread: Thread is done: 100 Users Thread Group 1-35
2020-03-22 20:07:27,320 INFO o.a.j.t.JMeterThread: Thread finished: 100 Users Thread Group 1-73
2020-03-22 20:07:27,320 INFO o.a.j.t.JMeterThread: Thread finished: 100 Users Thread Group 1-35
2020-03-22 20:07:20,662 INFO o.a.j.t.JMeterThread: Thread is done: 100 Users Thread Group 1-44
2020-03-22 20:07:20,662 INFO o.a.j.t.JMeterThread: Thread is done: 100 Users Thread Group 1-8
2020-03-22 20:07:20,661 INFO o.a.j.t.JMeterThread: Thread is done: 100 Users Thread Group 1-97
2020-03-22 20:07:27,323 INFO o.a.j.t.JMeterThread: Thread finished: 100 Users Thread Group 1-97
2020-03-22 20:07:27,323 INFO o.a.j.t.JMeterThread: Thread finished: 100 Users Thread Group 1-8
2020-03-22 20:07:20,661 INFO o.a.j.t.JMeterThread: Thread is done: 100 Users Thread Group 1-25
2020-03-22 20:07:20,661 INFO o.a.j.t.JMeterThread: Thread is done: 100 Users Thread Group 1-96
2020-03-22 20:07:27,323 INFO o.a.j.t.JMeterThread: Thread finished: 100 Users Thread Group 1-25
2020-03-22 20:07:27,323 INFO o.a.j.t.JMeterThread: Thread finished: 100 Users Thread Group 1-96
2020-03-22 20:07:20,660 INFO o.a.j.t.JMeterThread: Thread is done: 100 Users Thread Group 1-72
2020-03-22 20:07:20,659 INFO o.a.j.t.JMeterThread: Thread is done: 100 Users Thread Group 1-40
2020-03-22 20:07:27,324 INFO o.a.j.t.JMeterThread: Thread finished: 100 Users Thread Group 1-72
2020-03-22 20:07:20,659 INFO o.a.j.t.JMeterThread: Thread is done: 100 Users Thread Group 1-53
2020-03-22 20:07:27,324 INFO o.a.j.t.JMeterThread: Thread finished: 100 Users Thread Group 1-40
2020-03-22 20:07:20,657 INFO o.a.j.t.JMeterThread: Thread is done: 100 Users Thread Group 1-20
2020-03-22 20:07:20,654 INFO o.a.j.t.JMeterThread: Thread is done: 100 Users Thread Group 1-88
2020-03-22 20:07:27,324 INFO o.a.j.t.JMeterThread: Thread finished: 100 Users Thread Group 1-20
2020-03-22 20:07:20,653 INFO o.a.j.t.JMeterThread: Thread is done: 100 Users Thread Group 1-23
2020-03-22 20:07:27,324 INFO o.a.j.t.JMeterThread: Thread finished: 100 Users Thread Group 1-23
2020-03-22 20:07:20,653 INFO o.a.j.t.JMeterThread: Thread is done: 100 Users Thread Group 1-90
2020-03-22 20:07:20,651 INFO o.a.j.t.JMeterThread: Thread is done: 100 Users Thread Group 1-16
2020-03-22 20:07:27,324 INFO o.a.j.t.JMeterThread: Thread finished: 100 Users Thread Group 1-90
2020-03-22 20:07:27,324 INFO o.a.j.t.JMeterThread: Thread finished: 100 Users Thread Group 1-16
2020-03-22 20:07:27,325 INFO o.a.j.t.JMeterThread: Thread finished: 100 Users Thread Group 1-44
2020-03-22 20:07:20,650 INFO o.a.j.t.JMeterThread: Thread is done: 100 Users Thread Group 1-13
2020-03-22 20:07:20,649 INFO o.a.j.t.JMeterThread: Thread is done: 100 Users Thread Group 1-100
2020-03-22 20:07:27,325 INFO o.a.j.t.JMeterThread: Thread finished: 100 Users Thread Group 1-13
2020-03-22 20:07:27,326 INFO o.a.j.t.JMeterThread: Thread finished: 100 Users Thread Group 1-100
2020-03-22 20:07:20,647 INFO o.a.j.t.JMeterThread: Thread is done: 100 Users Thread Group 1-78
2020-03-22 20:07:27,326 INFO o.a.j.t.JMeterThread: Thread finished: 100 Users Thread Group 1-78
2020-03-22 20:07:20,646 INFO o.a.j.t.JMeterThread: Thread is done: 100 Users Thread Group 1-94
2020-03-22 20:07:20,646 INFO o.a.j.t.JMeterThread: Thread is done: 100 Users Thread Group 1-1
2020-03-22 20:07:20,642 INFO o.a.j.t.JMeterThread: Thread is done: 100 Users Thread Group 1-68
2020-03-22 20:07:20,641 INFO o.a.j.t.JMeterThread: Thread is done: 100 Users Thread Group 1-3
2020-03-22 20:07:27,326 INFO o.a.j.t.JMeterThread: Thread finished: 100 Users Thread Group 1-68
2020-03-22 20:07:20,641 INFO o.a.j.t.JMeterThread: Thread is done: 100 Users Thread Group 1-85
2020-03-22 20:07:27,326 INFO o.a.j.t.JMeterThread: Thread finished: 100 Users Thread Group 1-3
2020-03-22 20:07:27,326 INFO o.a.j.t.JMeterThread: Thread finished: 100 Users Thread Group 1-85
2020-03-22 20:07:20,640 INFO o.a.j.t.JMeterThread: Thread is done: 100 Users Thread Group 1-41
2020-03-22 20:07:27,326 INFO o.a.j.t.JMeterThread: Thread finished: 100 Users Thread Group 1-41
2020-03-22 20:07:20,639 INFO o.a.j.t.JMeterThread: Thread is done: 100 Users Thread Group 1-71
2020-03-22 20:07:27,326 INFO o.a.j.t.JMeterThread: Thread finished: 100 Users Thread Group 1-71
2020-03-22 20:07:20,639 INFO o.a.j.t.JMeterThread: Thread is done: 100 Users Thread Group 1-69
2020-03-22 20:07:20,638 INFO o.a.j.t.JMeterThread: Thread is done: 100 Users Thread Group 1-81
2020-03-22 20:07:27,326 INFO o.a.j.t.JMeterThread: Thread finished: 100 Users Thread Group 1-69
2020-03-22 20:07:27,326 INFO o.a.j.t.JMeterThread: Thread finished: 100 Users Thread Group 1-81
2020-03-22 20:07:20,631 INFO o.a.j.t.JMeterThread: Thread is done: 100 Users Thread Group 1-70
2020-03-22 20:07:20,627 INFO o.a.j.t.JMeterThread: Thread is done: 100 Users Thread Group 1-12
2020-03-22 20:07:27,326 INFO o.a.j.t.JMeterThread: Thread finished: 100 Users Thread Group 1-70
2020-03-22 20:07:20,627 INFO o.a.j.t.JMeterThread: Thread is done: 100 Users Thread Group 1-86
2020-03-22 20:07:27,326 INFO o.a.j.t.JMeterThread: Thread finished: 100 Users Thread Group 1-12
2020-03-22 20:07:20,626 INFO o.a.j.t.JMeterThread: Thread is done: 100 Users Thread Group 1-67
2020-03-22 20:07:20,626 INFO o.a.j.t.JMeterThread: Thread is done: 100 Users Thread Group 1-31
2020-03-22 20:07:27,327 INFO o.a.j.t.JMeterThread: Thread finished: 100 Users Thread Group 1-67
2020-03-22 20:07:27,327 INFO o.a.j.t.JMeterThread: Thread finished: 100 Users Thread Group 1-31
2020-03-22 20:07:20,625 INFO o.a.j.t.JMeterThread: Thread is done: 100 Users Thread Group 1-4
2020-03-22 20:07:20,609 INFO o.a.j.t.JMeterThread: Thread is done: 100 Users Thread Group 1-98
2020-03-22 20:07:20,597 INFO o.a.j.t.JMeterThread: Thread is done: 100 Users Thread Group 1-28
2020-03-22 20:07:20,590 INFO o.a.j.t.JMeterThread: Thread is done: 100 Users Thread Group 1-11
2020-03-22 20:07:27,327 INFO o.a.j.t.JMeterThread: Thread finished: 100 Users Thread Group 1-98
2020-03-22 20:07:27,327 INFO o.a.j.t.JMeterThread: Thread finished: 100 Users Thread Group 1-28
2020-03-22 20:07:20,586 INFO o.a.j.t.JMeterThread: Thread is done: 100 Users Thread Group 1-33
2020-03-22 20:07:27,327 INFO o.a.j.t.JMeterThread: Thread finished: 100 Users Thread Group 1-11
2020-03-22 20:07:27,327 INFO o.a.j.t.JMeterThread: Thread finished: 100 Users Thread Group 1-33
2020-03-22 20:07:20,583 INFO o.a.j.t.JMeterThread: Thread is done: 100 Users Thread Group 1-87
2020-03-22 20:07:27,327 INFO o.a.j.t.JMeterThread: Thread finished: 100 Users Thread Group 1-87
2020-03-22 20:07:20,583 INFO o.a.j.t.JMeterThread: Thread is done: 100 Users Thread Group 1-5
2020-03-22 20:07:27,327 INFO o.a.j.t.JMeterThread: Thread finished: 100 Users Thread Group 1-5
2020-03-22 20:07:20,582 INFO o.a.j.t.JMeterThread: Thread is done: 100 Users Thread Group 1-36
2020-03-22 20:07:20,580 INFO o.a.j.t.JMeterThread: Thread is done: 100 Users Thread Group 1-57
2020-03-22 20:07:20,574 INFO o.a.j.t.JMeterThread: Thread is done: 100 Users Thread Group 1-52
2020-03-22 20:07:20,574 INFO o.a.j.t.JMeterThread: Thread is done: 100 Users Thread Group 1-32
2020-03-22 20:07:27,328 INFO o.a.j.t.JMeterThread: Thread finished: 100 Users Thread Group 1-52
2020-03-22 20:07:27,328 INFO o.a.j.t.JMeterThread: Thread finished: 100 Users Thread Group 1-32
2020-03-22 20:07:20,570 INFO o.a.j.t.JMeterThread: Thread is done: 100 Users Thread Group 1-17
2020-03-22 20:07:20,570 INFO o.a.j.t.JMeterThread: Thread is done: 100 Users Thread Group 1-27
2020-03-22 20:07:27,328 INFO o.a.j.t.JMeterThread: Thread finished: 100 Users Thread Group 1-27
2020-03-22 20:07:20,569 INFO o.a.j.t.JMeterThread: Thread is done: 100 Users Thread Group 1-46
2020-03-22 20:07:20,568 INFO o.a.j.t.JMeterThread: Thread is done: 100 Users Thread Group 1-63
2020-03-22 20:07:20,567 INFO o.a.j.t.JMeterThread: Thread is done: 100 Users Thread Group 1-60
2020-03-22 20:07:27,329 INFO o.a.j.t.JMeterThread: Thread finished: 100 Users Thread Group 1-63
2020-03-22 20:07:20,566 INFO o.a.j.t.JMeterThread: Thread is done: 100 Users Thread Group 1-55
2020-03-22 20:07:27,329 INFO o.a.j.t.JMeterThread: Thread finished: 100 Users Thread Group 1-60
2020-03-22 20:07:27,329 INFO o.a.j.t.JMeterThread: Thread finished: 100 Users Thread Group 1-55
2020-03-22 20:07:20,565 INFO o.a.j.t.JMeterThread: Thread is done: 100 Users Thread Group 1-48
2020-03-22 20:07:27,329 INFO o.a.j.t.JMeterThread: Thread finished: 100 Users Thread Group 1-48
2020-03-22 20:07:20,565 INFO o.a.j.t.JMeterThread: Thread is done: 100 Users Thread Group 1-15
2020-03-22 20:07:20,563 INFO o.a.j.t.JMeterThread: Thread is done: 100 Users Thread Group 1-91
2020-03-22 20:07:27,329 INFO o.a.j.t.JMeterThread: Thread finished: 100 Users Thread Group 1-15
2020-03-22 20:07:20,562 INFO o.a.j.t.JMeterThread: Thread is done: 100 Users Thread Group 1-38
2020-03-22 20:07:27,329 INFO o.a.j.t.JMeterThread: Thread finished: 100 Users Thread Group 1-91
2020-03-22 20:07:27,329 INFO o.a.j.t.JMeterThread: Thread finished: 100 Users Thread Group 1-38
2020-03-22 20:07:20,562 INFO o.a.j.t.JMeterThread: Thread is done: 100 Users Thread Group 1-45
2020-03-22 20:07:20,559 INFO o.a.j.t.JMeterThread: Thread is done: 100 Users Thread Group 1-92
2020-03-22 20:07:27,329 INFO o.a.j.t.JMeterThread: Thread finished: 100 Users Thread Group 1-45
2020-03-22 20:07:20,558 INFO o.a.j.t.JMeterThread: Thread is done: 100 Users Thread Group 1-74
2020-03-22 20:07:27,329 INFO o.a.j.t.JMeterThread: Thread finished: 100 Users Thread Group 1-92
2020-03-22 20:07:20,552 INFO o.a.j.t.JMeterThread: Thread is done: 100 Users Thread Group 1-61
2020-03-22 20:07:27,330 INFO o.a.j.t.JMeterThread: Thread finished: 100 Users Thread Group 1-61
2020-03-22 20:07:27,328 INFO o.a.j.t.JMeterThread: Thread finished: 100 Users Thread Group 1-57
2020-03-22 20:07:20,548 INFO o.a.j.t.JMeterThread: Thread is done: 100 Users Thread Group 1-19
2020-03-22 20:07:20,548 INFO o.a.j.t.JMeterThread: Thread is done: 100 Users Thread Group 1-29
2020-03-22 20:07:27,330 INFO o.a.j.t.JMeterThread: Thread finished: 100 Users Thread Group 1-19
2020-03-22 20:07:27,330 INFO o.a.j.t.JMeterThread: Thread finished: 100 Users Thread Group 1-29
2020-03-22 20:07:20,547 INFO o.a.j.t.JMeterThread: Thread is done: 100 Users Thread Group 1-50
2020-03-22 20:07:27,330 INFO o.a.j.t.JMeterThread: Thread finished: 100 Users Thread Group 1-50
2020-03-22 20:07:20,541 INFO o.a.j.t.JMeterThread: Thread is done: 100 Users Thread Group 1-14
2020-03-22 20:07:20,535 INFO o.a.j.t.JMeterThread: Thread is done: 100 Users Thread Group 1-99
2020-03-22 20:07:20,534 INFO o.a.j.t.JMeterThread: Thread is done: 100 Users Thread Group 1-2
2020-03-22 20:07:27,331 INFO o.a.j.t.JMeterThread: Thread finished: 100 Users Thread Group 1-14
2020-03-22 20:07:27,331 INFO o.a.j.t.JMeterThread: Thread finished: 100 Users Thread Group 1-17
2020-03-22 20:07:27,330 INFO o.a.j.t.JMeterThread: Thread finished: 100 Users Thread Group 1-74
2020-03-22 20:07:27,328 INFO o.a.j.t.JMeterThread: Thread finished: 100 Users Thread Group 1-46
2020-03-22 20:07:27,331 INFO o.a.j.t.JMeterThread: Thread finished: 100 Users Thread Group 1-2
2020-03-22 20:07:27,326 INFO o.a.j.t.JMeterThread: Thread finished: 100 Users Thread Group 1-1
2020-03-22 20:07:27,324 INFO o.a.j.t.JMeterThread: Thread finished: 100 Users Thread Group 1-88
2020-03-22 20:07:27,320 INFO o.a.j.t.JMeterThread: Thread finished: 100 Users Thread Group 1-95
2020-03-22 20:07:27,319 INFO o.a.j.t.JMeterThread: Thread finished: 100 Users Thread Group 1-22
2020-03-22 20:07:27,319 INFO o.a.j.t.JMeterThread: Thread finished: 100 Users Thread Group 1-56
2020-03-22 20:07:27,332 INFO o.a.j.t.JMeterThread: Thread finished: 100 Users Thread Group 1-86
2020-03-22 20:07:27,315 INFO o.a.j.t.JMeterThread: Thread finished: 100 Users Thread Group 1-75
2020-03-22 20:07:27,315 INFO o.a.j.t.JMeterThread: Thread finished: 100 Users Thread Group 1-76
2020-03-22 20:07:27,313 INFO o.a.j.t.JMeterThread: Thread finished: 100 Users Thread Group 1-93
2020-03-22 20:07:27,312 INFO o.a.j.t.JMeterThread: Thread finished: 100 Users Thread Group 1-34
2020-03-22 20:07:27,310 INFO o.a.j.t.JMeterThread: Thread finished: 100 Users Thread Group 1-83
2020-03-22 20:07:27,336 INFO o.a.j.t.JMeterThread: Thread finished: 100 Users Thread Group 1-43
2020-03-22 20:07:27,336 INFO o.a.j.t.JMeterThread: Thread finished: 100 Users Thread Group 1-53
2020-03-22 20:07:27,334 INFO o.a.j.t.JMeterThread: Thread finished: 100 Users Thread Group 1-36
2020-03-22 20:07:27,336 INFO o.a.j.t.JMeterThread: Thread finished: 100 Users Thread Group 1-94
2020-03-22 20:07:27,330 INFO o.a.j.t.JMeterThread: Thread finished: 100 Users Thread Group 1-99
2020-03-22 20:07:27,334 INFO o.a.j.t.JMeterThread: Thread finished: 100 Users Thread Group 1-4
2020-03-22 20:07:27,339 INFO o.a.j.e.StandardJMeterEngine: Starting tearDown thread groups
2020-03-22 20:07:27,339 INFO o.a.j.e.StandardJMeterEngine: Starting tearDown ThreadGroup: 1 : tearDown Thread Group
2020-03-22 20:07:27,339 INFO o.a.j.e.StandardJMeterEngine: Starting 1 threads for group tearDown Thread Group.
2020-03-22 20:07:27,339 INFO o.a.j.e.StandardJMeterEngine: Thread will continue on error
2020-03-22 20:07:27,339 INFO o.a.j.t.ThreadGroup: Starting thread group... number=1 threads=1 ramp-up=1 delayedStart=false
2020-03-22 20:07:27,344 INFO o.a.j.t.ThreadGroup: Started thread group number 1
2020-03-22 20:07:27,344 INFO o.a.j.t.JMeterThread: Thread started: tearDown Thread Group 1-1
2020-03-22 20:07:29,018 INFO o.a.j.t.JMeterThread: Thread is done: tearDown Thread Group 1-1
2020-03-22 20:07:29,019 INFO o.a.j.t.JMeterThread: Thread finished: tearDown Thread Group 1-1
2020-03-22 20:07:29,020 INFO o.a.j.e.StandardJMeterEngine: Notifying test listeners of end of test
2020-03-22 20:07:29,020 INFO o.a.j.s.FileServer: Close: /home/muggy/leic_3ano_2semestre/es/project/proj1/es20al_10-project/backend/jmeter/tournament/TournamentDataForSignUp.csv
2020-03-22 20:07:29,021 INFO o.a.j.s.FileServer: Close: /home/muggy/leic_3ano_2semestre/es/project/proj1/es20al_10-project/backend/jmeter/tournament/TournamentDataForSignUp2.csv@1649406974
2020-03-22 20:07:29,031 INFO o.a.j.g.u.JMeterMenuBar: setRunning(false, *local*)
2020-03-22 20:07:34,932 INFO o.a.j.e.StandardJMeterEngine: Running the test!
2020-03-22 20:07:34,933 INFO o.a.j.s.SampleEvent: List of sample_variables: []
2020-03-22 20:07:34,992 INFO o.a.j.g.u.JMeterMenuBar: setRunning(true, *local*)
2020-03-22 20:07:34,994 INFO o.a.j.e.StandardJMeterEngine: Starting setUp thread groups
2020-03-22 20:07:34,995 INFO o.a.j.e.StandardJMeterEngine: Starting setUp ThreadGroup: 1 : setUp Thread Group 
2020-03-22 20:07:34,995 INFO o.a.j.e.StandardJMeterEngine: Starting 1 threads for group setUp Thread Group.
2020-03-22 20:07:34,995 INFO o.a.j.e.StandardJMeterEngine: Thread will continue on error
2020-03-22 20:07:34,995 INFO o.a.j.t.ThreadGroup: Starting thread group... number=1 threads=1 ramp-up=1 delayedStart=false
2020-03-22 20:07:34,995 INFO o.a.j.t.ThreadGroup: Started thread group number 1
2020-03-22 20:07:34,995 INFO o.a.j.e.StandardJMeterEngine: Waiting for all setup thread groups to exit
2020-03-22 20:07:34,996 INFO o.a.j.t.JMeterThread: Thread started: setUp Thread Group 1-1
2020-03-22 20:07:35,036 INFO o.a.j.s.FileServer: Stored: /home/muggy/leic_3ano_2semestre/es/project/proj1/es20al_10-project/backend/jmeter/tournament/TournamentDataForSignUp.csv
2020-03-22 20:08:13,467 INFO o.a.j.t.JMeterThread: Thread is done: setUp Thread Group 1-1
2020-03-22 20:08:13,468 INFO o.a.j.t.JMeterThread: Thread finished: setUp Thread Group 1-1
2020-03-22 20:08:13,468 INFO o.a.j.e.StandardJMeterEngine: All Setup Threads have ended
2020-03-22 20:08:13,682 INFO o.a.j.e.StandardJMeterEngine: Starting ThreadGroup: 1 : 100 Users Thread Group
2020-03-22 20:08:13,682 INFO o.a.j.e.StandardJMeterEngine: Starting 100 threads for group 100 Users Thread Group.
2020-03-22 20:08:13,682 INFO o.a.j.e.StandardJMeterEngine: Thread will continue on error
2020-03-22 20:08:13,682 INFO o.a.j.t.ThreadGroup: Starting thread group... number=1 threads=100 ramp-up=1 delayedStart=false
2020-03-22 20:08:13,684 INFO o.a.j.t.JMeterThread: Thread started: 100 Users Thread Group 1-1
2020-03-22 20:08:13,693 INFO o.a.j.t.JMeterThread: Thread started: 100 Users Thread Group 1-2
2020-03-22 20:08:13,704 INFO o.a.j.t.JMeterThread: Thread started: 100 Users Thread Group 1-3
2020-03-22 20:08:13,714 INFO o.a.j.t.JMeterThread: Thread started: 100 Users Thread Group 1-4
2020-03-22 20:08:13,719 INFO o.a.j.s.FileServer: Stored: /home/muggy/leic_3ano_2semestre/es/project/proj1/es20al_10-project/backend/jmeter/tournament/TournamentDataForSignUp2.csv Alias: /home/muggy/leic_3ano_2semestre/es/project/proj1/es20al_10-project/backend/jmeter/tournament/TournamentDataForSignUp2.csv@65744003
2020-03-22 20:08:13,724 INFO o.a.j.t.JMeterThread: Thread started: 100 Users Thread Group 1-5
2020-03-22 20:08:13,737 INFO o.a.j.t.JMeterThread: Thread started: 100 Users Thread Group 1-6
2020-03-22 20:08:13,743 INFO o.a.j.t.JMeterThread: Thread started: 100 Users Thread Group 1-7
2020-03-22 20:08:13,756 INFO o.a.j.t.JMeterThread: Thread started: 100 Users Thread Group 1-8
2020-03-22 20:08:13,764 INFO o.a.j.t.JMeterThread: Thread started: 100 Users Thread Group 1-9
2020-03-22 20:08:13,774 INFO o.a.j.t.JMeterThread: Thread started: 100 Users Thread Group 1-10
2020-03-22 20:08:13,783 INFO o.a.j.t.JMeterThread: Thread started: 100 Users Thread Group 1-11
2020-03-22 20:08:13,786 INFO o.a.j.t.JMeterThread: Thread is done: 100 Users Thread Group 1-1
2020-03-22 20:08:13,786 INFO o.a.j.t.JMeterThread: Thread finished: 100 Users Thread Group 1-1
2020-03-22 20:08:13,790 INFO o.a.j.t.JMeterThread: Thread is done: 100 Users Thread Group 1-11
2020-03-22 20:08:13,790 INFO o.a.j.t.JMeterThread: Thread finished: 100 Users Thread Group 1-11
2020-03-22 20:08:13,792 INFO o.a.j.t.JMeterThread: Thread is done: 100 Users Thread Group 1-5
2020-03-22 20:08:13,792 INFO o.a.j.t.JMeterThread: Thread finished: 100 Users Thread Group 1-5
2020-03-22 20:08:13,799 INFO o.a.j.t.JMeterThread: Thread is done: 100 Users Thread Group 1-10
2020-03-22 20:08:13,799 INFO o.a.j.t.JMeterThread: Thread finished: 100 Users Thread Group 1-10
2020-03-22 20:08:13,803 INFO o.a.j.t.JMeterThread: Thread started: 100 Users Thread Group 1-12
2020-03-22 20:08:13,806 INFO o.a.j.t.JMeterThread: Thread is done: 100 Users Thread Group 1-9
2020-03-22 20:08:13,806 INFO o.a.j.t.JMeterThread: Thread finished: 100 Users Thread Group 1-9
2020-03-22 20:08:13,807 INFO o.a.j.t.JMeterThread: Thread is done: 100 Users Thread Group 1-8
2020-03-22 20:08:13,807 INFO o.a.j.t.JMeterThread: Thread finished: 100 Users Thread Group 1-8
2020-03-22 20:08:13,809 INFO o.a.j.t.JMeterThread: Thread started: 100 Users Thread Group 1-13
2020-03-22 20:08:13,813 INFO o.a.j.t.JMeterThread: Thread started: 100 Users Thread Group 1-14
2020-03-22 20:08:13,823 INFO o.a.j.t.JMeterThread: Thread started: 100 Users Thread Group 1-15
2020-03-22 20:08:13,838 INFO o.a.j.t.JMeterThread: Thread is done: 100 Users Thread Group 1-6
2020-03-22 20:08:13,838 INFO o.a.j.t.JMeterThread: Thread finished: 100 Users Thread Group 1-6
2020-03-22 20:08:13,839 INFO o.a.j.t.JMeterThread: Thread is done: 100 Users Thread Group 1-2
2020-03-22 20:08:13,839 INFO o.a.j.t.JMeterThread: Thread finished: 100 Users Thread Group 1-2
2020-03-22 20:08:13,842 INFO o.a.j.t.JMeterThread: Thread started: 100 Users Thread Group 1-16
2020-03-22 20:08:13,844 INFO o.a.j.t.JMeterThread: Thread started: 100 Users Thread Group 1-17
2020-03-22 20:08:13,848 INFO o.a.j.t.JMeterThread: Thread is done: 100 Users Thread Group 1-13
2020-03-22 20:08:13,849 INFO o.a.j.t.JMeterThread: Thread finished: 100 Users Thread Group 1-13
2020-03-22 20:08:13,849 INFO o.a.j.t.JMeterThread: Thread is done: 100 Users Thread Group 1-7
2020-03-22 20:08:13,849 INFO o.a.j.t.JMeterThread: Thread finished: 100 Users Thread Group 1-7
2020-03-22 20:08:13,850 INFO o.a.j.t.JMeterThread: Thread is done: 100 Users Thread Group 1-3
2020-03-22 20:08:13,850 INFO o.a.j.t.JMeterThread: Thread finished: 100 Users Thread Group 1-3
2020-03-22 20:08:13,851 INFO o.a.j.t.JMeterThread: Thread is done: 100 Users Thread Group 1-17
2020-03-22 20:08:13,851 INFO o.a.j.t.JMeterThread: Thread finished: 100 Users Thread Group 1-17
2020-03-22 20:08:13,851 INFO o.a.j.t.JMeterThread: Thread is done: 100 Users Thread Group 1-16
2020-03-22 20:08:13,851 INFO o.a.j.t.JMeterThread: Thread finished: 100 Users Thread Group 1-16
2020-03-22 20:08:13,851 INFO o.a.j.t.JMeterThread: Thread is done: 100 Users Thread Group 1-14
2020-03-22 20:08:13,852 INFO o.a.j.t.JMeterThread: Thread finished: 100 Users Thread Group 1-14
2020-03-22 20:08:13,852 INFO o.a.j.t.JMeterThread: Thread is done: 100 Users Thread Group 1-15
2020-03-22 20:08:13,852 INFO o.a.j.t.JMeterThread: Thread finished: 100 Users Thread Group 1-15
2020-03-22 20:08:13,853 INFO o.a.j.t.JMeterThread: Thread started: 100 Users Thread Group 1-18
2020-03-22 20:08:13,856 INFO o.a.j.t.JMeterThread: Thread is done: 100 Users Thread Group 1-12
2020-03-22 20:08:13,856 INFO o.a.j.t.JMeterThread: Thread finished: 100 Users Thread Group 1-12
2020-03-22 20:08:13,857 INFO o.a.j.t.JMeterThread: Thread is done: 100 Users Thread Group 1-4
2020-03-22 20:08:13,857 INFO o.a.j.t.JMeterThread: Thread finished: 100 Users Thread Group 1-4
2020-03-22 20:08:13,863 INFO o.a.j.t.JMeterThread: Thread is done: 100 Users Thread Group 1-18
2020-03-22 20:08:13,863 INFO o.a.j.t.JMeterThread: Thread finished: 100 Users Thread Group 1-18
2020-03-22 20:08:13,863 INFO o.a.j.t.JMeterThread: Thread started: 100 Users Thread Group 1-19
2020-03-22 20:08:13,873 INFO o.a.j.t.JMeterThread: Thread is done: 100 Users Thread Group 1-19
2020-03-22 20:08:13,873 INFO o.a.j.t.JMeterThread: Thread finished: 100 Users Thread Group 1-19
2020-03-22 20:08:13,873 INFO o.a.j.t.JMeterThread: Thread started: 100 Users Thread Group 1-20
2020-03-22 20:08:13,881 INFO o.a.j.t.JMeterThread: Thread is done: 100 Users Thread Group 1-20
2020-03-22 20:08:13,881 INFO o.a.j.t.JMeterThread: Thread finished: 100 Users Thread Group 1-20
2020-03-22 20:08:13,884 INFO o.a.j.t.JMeterThread: Thread started: 100 Users Thread Group 1-21
2020-03-22 20:08:13,893 INFO o.a.j.t.JMeterThread: Thread started: 100 Users Thread Group 1-22
2020-03-22 20:08:13,893 INFO o.a.j.t.JMeterThread: Thread is done: 100 Users Thread Group 1-21
2020-03-22 20:08:13,893 INFO o.a.j.t.JMeterThread: Thread finished: 100 Users Thread Group 1-21
2020-03-22 20:08:13,901 INFO o.a.j.t.JMeterThread: Thread is done: 100 Users Thread Group 1-22
2020-03-22 20:08:13,901 INFO o.a.j.t.JMeterThread: Thread finished: 100 Users Thread Group 1-22
2020-03-22 20:08:13,905 INFO o.a.j.t.JMeterThread: Thread started: 100 Users Thread Group 1-23
2020-03-22 20:08:13,913 INFO o.a.j.t.JMeterThread: Thread started: 100 Users Thread Group 1-24
2020-03-22 20:08:13,915 INFO o.a.j.t.JMeterThread: Thread is done: 100 Users Thread Group 1-23
2020-03-22 20:08:13,915 INFO o.a.j.t.JMeterThread: Thread finished: 100 Users Thread Group 1-23
2020-03-22 20:08:13,920 INFO o.a.j.t.JMeterThread: Thread is done: 100 Users Thread Group 1-24
2020-03-22 20:08:13,920 INFO o.a.j.t.JMeterThread: Thread finished: 100 Users Thread Group 1-24
2020-03-22 20:08:13,924 INFO o.a.j.t.JMeterThread: Thread started: 100 Users Thread Group 1-25
2020-03-22 20:08:13,933 INFO o.a.j.t.JMeterThread: Thread is done: 100 Users Thread Group 1-25
2020-03-22 20:08:13,933 INFO o.a.j.t.JMeterThread: Thread finished: 100 Users Thread Group 1-25
2020-03-22 20:08:13,950 INFO o.a.j.t.JMeterThread: Thread started: 100 Users Thread Group 1-26
2020-03-22 20:08:13,959 INFO o.a.j.t.JMeterThread: Thread is done: 100 Users Thread Group 1-26
2020-03-22 20:08:13,959 INFO o.a.j.t.JMeterThread: Thread finished: 100 Users Thread Group 1-26
2020-03-22 20:08:13,960 INFO o.a.j.t.JMeterThread: Thread started: 100 Users Thread Group 1-27
2020-03-22 20:08:13,967 INFO o.a.j.t.JMeterThread: Thread is done: 100 Users Thread Group 1-27
2020-03-22 20:08:13,967 INFO o.a.j.t.JMeterThread: Thread finished: 100 Users Thread Group 1-27
2020-03-22 20:08:13,968 INFO o.a.j.t.JMeterThread: Thread started: 100 Users Thread Group 1-28
2020-03-22 20:08:13,974 INFO o.a.j.t.JMeterThread: Thread started: 100 Users Thread Group 1-30
2020-03-22 20:08:13,975 INFO o.a.j.t.JMeterThread: Thread is done: 100 Users Thread Group 1-28
2020-03-22 20:08:13,975 INFO o.a.j.t.JMeterThread: Thread finished: 100 Users Thread Group 1-28
2020-03-22 20:08:13,978 INFO o.a.j.t.JMeterThread: Thread started: 100 Users Thread Group 1-29
2020-03-22 20:08:13,985 INFO o.a.j.t.JMeterThread: Thread is done: 100 Users Thread Group 1-29
2020-03-22 20:08:13,985 INFO o.a.j.t.JMeterThread: Thread finished: 100 Users Thread Group 1-29
2020-03-22 20:08:13,986 INFO o.a.j.t.JMeterThread: Thread is done: 100 Users Thread Group 1-30
2020-03-22 20:08:13,986 INFO o.a.j.t.JMeterThread: Thread finished: 100 Users Thread Group 1-30
2020-03-22 20:08:13,990 INFO o.a.j.t.JMeterThread: Thread started: 100 Users Thread Group 1-31
2020-03-22 20:08:13,993 INFO o.a.j.t.JMeterThread: Thread started: 100 Users Thread Group 1-32
2020-03-22 20:08:13,997 INFO o.a.j.t.JMeterThread: Thread is done: 100 Users Thread Group 1-31
2020-03-22 20:08:13,997 INFO o.a.j.t.JMeterThread: Thread finished: 100 Users Thread Group 1-31
2020-03-22 20:08:14,000 INFO o.a.j.t.JMeterThread: Thread is done: 100 Users Thread Group 1-32
2020-03-22 20:08:14,000 INFO o.a.j.t.JMeterThread: Thread finished: 100 Users Thread Group 1-32
2020-03-22 20:08:14,003 INFO o.a.j.t.JMeterThread: Thread started: 100 Users Thread Group 1-33
2020-03-22 20:08:14,010 INFO o.a.j.t.JMeterThread: Thread is done: 100 Users Thread Group 1-33
2020-03-22 20:08:14,011 INFO o.a.j.t.JMeterThread: Thread finished: 100 Users Thread Group 1-33
2020-03-22 20:08:14,013 INFO o.a.j.t.JMeterThread: Thread started: 100 Users Thread Group 1-34
2020-03-22 20:08:14,020 INFO o.a.j.t.JMeterThread: Thread is done: 100 Users Thread Group 1-34
2020-03-22 20:08:14,020 INFO o.a.j.t.JMeterThread: Thread finished: 100 Users Thread Group 1-34
2020-03-22 20:08:14,023 INFO o.a.j.t.JMeterThread: Thread started: 100 Users Thread Group 1-35
2020-03-22 20:08:14,034 INFO o.a.j.t.JMeterThread: Thread started: 100 Users Thread Group 1-36
2020-03-22 20:08:14,042 INFO o.a.j.t.JMeterThread: Thread is done: 100 Users Thread Group 1-36
2020-03-22 20:08:14,042 INFO o.a.j.t.JMeterThread: Thread finished: 100 Users Thread Group 1-36
2020-03-22 20:08:14,043 INFO o.a.j.t.JMeterThread: Thread started: 100 Users Thread Group 1-37
2020-03-22 20:08:14,043 INFO o.a.j.t.JMeterThread: Thread is done: 100 Users Thread Group 1-35
2020-03-22 20:08:14,045 INFO o.a.j.t.JMeterThread: Thread finished: 100 Users Thread Group 1-35
2020-03-22 20:08:14,052 INFO o.a.j.t.JMeterThread: Thread is done: 100 Users Thread Group 1-37
2020-03-22 20:08:14,052 INFO o.a.j.t.JMeterThread: Thread finished: 100 Users Thread Group 1-37
2020-03-22 20:08:14,060 INFO o.a.j.t.ThreadGroup: Started thread group number 1
2020-03-22 20:08:14,060 INFO o.a.j.e.StandardJMeterEngine: All thread groups have been started
2020-03-22 20:08:14,072 INFO o.a.j.t.JMeterThread: Thread started: 100 Users Thread Group 1-39
2020-03-22 20:08:14,078 INFO o.a.j.t.JMeterThread: Thread started: 100 Users Thread Group 1-38
2020-03-22 20:08:14,079 INFO o.a.j.t.JMeterThread: Thread is done: 100 Users Thread Group 1-39
2020-03-22 20:08:14,079 INFO o.a.j.t.JMeterThread: Thread finished: 100 Users Thread Group 1-39
2020-03-22 20:08:14,081 INFO o.a.j.t.JMeterThread: Thread started: 100 Users Thread Group 1-40
2020-03-22 20:08:14,086 INFO o.a.j.t.JMeterThread: Thread is done: 100 Users Thread Group 1-38
2020-03-22 20:08:14,086 INFO o.a.j.t.JMeterThread: Thread finished: 100 Users Thread Group 1-38
2020-03-22 20:08:14,086 INFO o.a.j.t.JMeterThread: Thread started: 100 Users Thread Group 1-41
2020-03-22 20:08:14,087 INFO o.a.j.t.JMeterThread: Thread is done: 100 Users Thread Group 1-40
2020-03-22 20:08:14,087 INFO o.a.j.t.JMeterThread: Thread finished: 100 Users Thread Group 1-40
2020-03-22 20:08:14,094 INFO o.a.j.t.JMeterThread: Thread is done: 100 Users Thread Group 1-41
2020-03-22 20:08:14,095 INFO o.a.j.t.JMeterThread: Thread finished: 100 Users Thread Group 1-41
2020-03-22 20:08:14,095 INFO o.a.j.t.JMeterThread: Thread started: 100 Users Thread Group 1-42
2020-03-22 20:08:14,102 INFO o.a.j.t.JMeterThread: Thread is done: 100 Users Thread Group 1-42
2020-03-22 20:08:14,102 INFO o.a.j.t.JMeterThread: Thread finished: 100 Users Thread Group 1-42
2020-03-22 20:08:14,104 INFO o.a.j.t.JMeterThread: Thread started: 100 Users Thread Group 1-43
2020-03-22 20:08:14,109 INFO o.a.j.t.JMeterThread: Thread is done: 100 Users Thread Group 1-43
2020-03-22 20:08:14,109 INFO o.a.j.t.JMeterThread: Thread finished: 100 Users Thread Group 1-43
2020-03-22 20:08:14,117 INFO o.a.j.t.JMeterThread: Thread started: 100 Users Thread Group 1-44
2020-03-22 20:08:14,123 INFO o.a.j.t.JMeterThread: Thread is done: 100 Users Thread Group 1-44
2020-03-22 20:08:14,123 INFO o.a.j.t.JMeterThread: Thread finished: 100 Users Thread Group 1-44
2020-03-22 20:08:14,126 INFO o.a.j.t.JMeterThread: Thread started: 100 Users Thread Group 1-45
2020-03-22 20:08:14,133 INFO o.a.j.t.JMeterThread: Thread is done: 100 Users Thread Group 1-45
2020-03-22 20:08:14,133 INFO o.a.j.t.JMeterThread: Thread finished: 100 Users Thread Group 1-45
2020-03-22 20:08:14,135 INFO o.a.j.t.JMeterThread: Thread started: 100 Users Thread Group 1-46
2020-03-22 20:08:14,141 INFO o.a.j.t.JMeterThread: Thread is done: 100 Users Thread Group 1-46
2020-03-22 20:08:14,141 INFO o.a.j.t.JMeterThread: Thread finished: 100 Users Thread Group 1-46
2020-03-22 20:08:14,145 INFO o.a.j.t.JMeterThread: Thread started: 100 Users Thread Group 1-47
2020-03-22 20:08:14,152 INFO o.a.j.t.JMeterThread: Thread is done: 100 Users Thread Group 1-47
2020-03-22 20:08:14,152 INFO o.a.j.t.JMeterThread: Thread finished: 100 Users Thread Group 1-47
2020-03-22 20:08:14,162 INFO o.a.j.t.JMeterThread: Thread started: 100 Users Thread Group 1-48
2020-03-22 20:08:14,168 INFO o.a.j.t.JMeterThread: Thread is done: 100 Users Thread Group 1-48
2020-03-22 20:08:14,168 INFO o.a.j.t.JMeterThread: Thread finished: 100 Users Thread Group 1-48
2020-03-22 20:08:14,175 INFO o.a.j.t.JMeterThread: Thread started: 100 Users Thread Group 1-49
2020-03-22 20:08:14,180 INFO o.a.j.t.JMeterThread: Thread started: 100 Users Thread Group 1-50
2020-03-22 20:08:14,187 INFO o.a.j.t.JMeterThread: Thread is done: 100 Users Thread Group 1-50
2020-03-22 20:08:14,191 INFO o.a.j.t.JMeterThread: Thread started: 100 Users Thread Group 1-51
2020-03-22 20:08:14,191 INFO o.a.j.t.JMeterThread: Thread is done: 100 Users Thread Group 1-49
2020-03-22 20:08:14,191 INFO o.a.j.t.JMeterThread: Thread finished: 100 Users Thread Group 1-49
2020-03-22 20:08:14,191 INFO o.a.j.t.JMeterThread: Thread finished: 100 Users Thread Group 1-50
2020-03-22 20:08:14,196 INFO o.a.j.t.JMeterThread: Thread is done: 100 Users Thread Group 1-51
2020-03-22 20:08:14,196 INFO o.a.j.t.JMeterThread: Thread finished: 100 Users Thread Group 1-51
2020-03-22 20:08:14,197 INFO o.a.j.t.JMeterThread: Thread started: 100 Users Thread Group 1-52
2020-03-22 20:08:14,204 INFO o.a.j.t.JMeterThread: Thread is done: 100 Users Thread Group 1-52
2020-03-22 20:08:14,204 INFO o.a.j.t.JMeterThread: Thread finished: 100 Users Thread Group 1-52
2020-03-22 20:08:14,213 INFO o.a.j.t.JMeterThread: Thread started: 100 Users Thread Group 1-53
2020-03-22 20:08:14,218 INFO o.a.j.t.JMeterThread: Thread started: 100 Users Thread Group 1-54
2020-03-22 20:08:14,219 INFO o.a.j.t.JMeterThread: Thread is done: 100 Users Thread Group 1-53
2020-03-22 20:08:14,219 INFO o.a.j.t.JMeterThread: Thread finished: 100 Users Thread Group 1-53
2020-03-22 20:08:14,234 INFO o.a.j.t.JMeterThread: Thread started: 100 Users Thread Group 1-55
2020-03-22 20:08:14,240 INFO o.a.j.t.JMeterThread: Thread is done: 100 Users Thread Group 1-54
2020-03-22 20:08:14,240 INFO o.a.j.t.JMeterThread: Thread finished: 100 Users Thread Group 1-54
2020-03-22 20:08:14,242 INFO o.a.j.t.JMeterThread: Thread is done: 100 Users Thread Group 1-55
2020-03-22 20:08:14,242 INFO o.a.j.t.JMeterThread: Thread finished: 100 Users Thread Group 1-55
2020-03-22 20:08:14,247 INFO o.a.j.t.JMeterThread: Thread started: 100 Users Thread Group 1-56
2020-03-22 20:08:14,254 INFO o.a.j.t.JMeterThread: Thread is done: 100 Users Thread Group 1-56
2020-03-22 20:08:14,254 INFO o.a.j.t.JMeterThread: Thread finished: 100 Users Thread Group 1-56
2020-03-22 20:08:14,262 INFO o.a.j.t.JMeterThread: Thread started: 100 Users Thread Group 1-58
2020-03-22 20:08:14,267 INFO o.a.j.t.JMeterThread: Thread is done: 100 Users Thread Group 1-58
2020-03-22 20:08:14,267 INFO o.a.j.t.JMeterThread: Thread finished: 100 Users Thread Group 1-58
2020-03-22 20:08:14,271 INFO o.a.j.t.JMeterThread: Thread started: 100 Users Thread Group 1-59
2020-03-22 20:08:14,271 INFO o.a.j.t.JMeterThread: Thread started: 100 Users Thread Group 1-57
2020-03-22 20:08:14,275 INFO o.a.j.t.JMeterThread: Thread started: 100 Users Thread Group 1-60
2020-03-22 20:08:14,277 INFO o.a.j.t.JMeterThread: Thread is done: 100 Users Thread Group 1-59
2020-03-22 20:08:14,277 INFO o.a.j.t.JMeterThread: Thread finished: 100 Users Thread Group 1-59
2020-03-22 20:08:14,282 INFO o.a.j.t.JMeterThread: Thread is done: 100 Users Thread Group 1-57
2020-03-22 20:08:14,282 INFO o.a.j.t.JMeterThread: Thread finished: 100 Users Thread Group 1-57
2020-03-22 20:08:14,282 INFO o.a.j.t.JMeterThread: Thread is done: 100 Users Thread Group 1-60
2020-03-22 20:08:14,283 INFO o.a.j.t.JMeterThread: Thread finished: 100 Users Thread Group 1-60
2020-03-22 20:08:14,293 INFO o.a.j.t.JMeterThread: Thread started: 100 Users Thread Group 1-62
2020-03-22 20:08:14,297 INFO o.a.j.t.JMeterThread: Thread started: 100 Users Thread Group 1-61
2020-03-22 20:08:14,303 INFO o.a.j.t.JMeterThread: Thread is done: 100 Users Thread Group 1-61
2020-03-22 20:08:14,303 INFO o.a.j.t.JMeterThread: Thread finished: 100 Users Thread Group 1-61
2020-03-22 20:08:14,307 INFO o.a.j.t.JMeterThread: Thread is done: 100 Users Thread Group 1-62
2020-03-22 20:08:14,307 INFO o.a.j.t.JMeterThread: Thread finished: 100 Users Thread Group 1-62
2020-03-22 20:08:14,317 INFO o.a.j.t.JMeterThread: Thread started: 100 Users Thread Group 1-63
2020-03-22 20:08:14,319 INFO o.a.j.t.JMeterThread: Thread started: 100 Users Thread Group 1-64
2020-03-22 20:08:14,323 INFO o.a.j.t.JMeterThread: Thread started: 100 Users Thread Group 1-65
2020-03-22 20:08:14,324 INFO o.a.j.t.JMeterThread: Thread is done: 100 Users Thread Group 1-63
2020-03-22 20:08:14,324 INFO o.a.j.t.JMeterThread: Thread finished: 100 Users Thread Group 1-63
2020-03-22 20:08:14,327 INFO o.a.j.t.JMeterThread: Thread is done: 100 Users Thread Group 1-65
2020-03-22 20:08:14,327 INFO o.a.j.t.JMeterThread: Thread finished: 100 Users Thread Group 1-65
2020-03-22 20:08:14,341 INFO o.a.j.t.JMeterThread: Thread started: 100 Users Thread Group 1-66
2020-03-22 20:08:14,348 INFO o.a.j.t.JMeterThread: Thread is done: 100 Users Thread Group 1-66
2020-03-22 20:08:14,349 INFO o.a.j.t.JMeterThread: Thread finished: 100 Users Thread Group 1-66
2020-03-22 20:08:14,350 INFO o.a.j.t.JMeterThread: Thread is done: 100 Users Thread Group 1-64
2020-03-22 20:08:14,350 INFO o.a.j.t.JMeterThread: Thread finished: 100 Users Thread Group 1-64
2020-03-22 20:08:14,350 INFO o.a.j.t.JMeterThread: Thread started: 100 Users Thread Group 1-67
2020-03-22 20:08:14,359 INFO o.a.j.t.JMeterThread: Thread is done: 100 Users Thread Group 1-67
2020-03-22 20:08:14,359 INFO o.a.j.t.JMeterThread: Thread finished: 100 Users Thread Group 1-67
2020-03-22 20:08:14,361 INFO o.a.j.t.JMeterThread: Thread started: 100 Users Thread Group 1-68
2020-03-22 20:08:14,368 INFO o.a.j.t.JMeterThread: Thread is done: 100 Users Thread Group 1-68
2020-03-22 20:08:14,368 INFO o.a.j.t.JMeterThread: Thread finished: 100 Users Thread Group 1-68
2020-03-22 20:08:14,371 INFO o.a.j.t.JMeterThread: Thread started: 100 Users Thread Group 1-69
2020-03-22 20:08:14,379 INFO o.a.j.t.JMeterThread: Thread is done: 100 Users Thread Group 1-69
2020-03-22 20:08:14,380 INFO o.a.j.t.JMeterThread: Thread finished: 100 Users Thread Group 1-69
2020-03-22 20:08:14,385 INFO o.a.j.t.JMeterThread: Thread started: 100 Users Thread Group 1-70
2020-03-22 20:08:14,390 INFO o.a.j.t.JMeterThread: Thread started: 100 Users Thread Group 1-71
2020-03-22 20:08:14,395 INFO o.a.j.t.JMeterThread: Thread is done: 100 Users Thread Group 1-71
2020-03-22 20:08:14,395 INFO o.a.j.t.JMeterThread: Thread finished: 100 Users Thread Group 1-71
2020-03-22 20:08:14,396 INFO o.a.j.t.JMeterThread: Thread is done: 100 Users Thread Group 1-70
2020-03-22 20:08:14,396 INFO o.a.j.t.JMeterThread: Thread finished: 100 Users Thread Group 1-70
2020-03-22 20:08:14,405 INFO o.a.j.t.JMeterThread: Thread started: 100 Users Thread Group 1-72
2020-03-22 20:08:14,412 INFO o.a.j.t.JMeterThread: Thread started: 100 Users Thread Group 1-73
2020-03-22 20:08:14,421 INFO o.a.j.t.JMeterThread: Thread started: 100 Users Thread Group 1-74
2020-03-22 20:08:14,423 INFO o.a.j.t.JMeterThread: Thread started: 100 Users Thread Group 1-75
2020-03-22 20:08:14,436 INFO o.a.j.t.JMeterThread: Thread is done: 100 Users Thread Group 1-74
2020-03-22 20:08:14,436 INFO o.a.j.t.JMeterThread: Thread started: 100 Users Thread Group 1-76
2020-03-22 20:08:14,440 INFO o.a.j.t.JMeterThread: Thread is done: 100 Users Thread Group 1-75
2020-03-22 20:08:14,440 INFO o.a.j.t.JMeterThread: Thread finished: 100 Users Thread Group 1-75
2020-03-22 20:08:14,444 INFO o.a.j.t.JMeterThread: Thread is done: 100 Users Thread Group 1-76
2020-03-22 20:08:14,444 INFO o.a.j.t.JMeterThread: Thread finished: 100 Users Thread Group 1-76
2020-03-22 20:08:14,436 INFO o.a.j.t.JMeterThread: Thread finished: 100 Users Thread Group 1-74
2020-03-22 20:08:14,418 INFO o.a.j.t.JMeterThread: Thread is done: 100 Users Thread Group 1-73
2020-03-22 20:08:14,445 INFO o.a.j.t.JMeterThread: Thread finished: 100 Users Thread Group 1-73
2020-03-22 20:08:14,445 INFO o.a.j.t.JMeterThread: Thread started: 100 Users Thread Group 1-77
2020-03-22 20:08:14,446 INFO o.a.j.t.JMeterThread: Thread is done: 100 Users Thread Group 1-72
2020-03-22 20:08:14,446 INFO o.a.j.t.JMeterThread: Thread finished: 100 Users Thread Group 1-72
2020-03-22 20:08:14,453 INFO o.a.j.t.JMeterThread: Thread started: 100 Users Thread Group 1-78
2020-03-22 20:08:14,455 INFO o.a.j.t.JMeterThread: Thread is done: 100 Users Thread Group 1-77
2020-03-22 20:08:14,455 INFO o.a.j.t.JMeterThread: Thread finished: 100 Users Thread Group 1-77
2020-03-22 20:08:14,461 INFO o.a.j.t.JMeterThread: Thread is done: 100 Users Thread Group 1-78
2020-03-22 20:08:14,461 INFO o.a.j.t.JMeterThread: Thread finished: 100 Users Thread Group 1-78
2020-03-22 20:08:14,472 INFO o.a.j.t.JMeterThread: Thread started: 100 Users Thread Group 1-79
2020-03-22 20:08:14,474 INFO o.a.j.t.JMeterThread: Thread started: 100 Users Thread Group 1-80
2020-03-22 20:08:14,480 INFO o.a.j.t.JMeterThread: Thread is done: 100 Users Thread Group 1-79
2020-03-22 20:08:14,480 INFO o.a.j.t.JMeterThread: Thread finished: 100 Users Thread Group 1-79
2020-03-22 20:08:14,481 INFO o.a.j.t.JMeterThread: Thread is done: 100 Users Thread Group 1-80
2020-03-22 20:08:14,481 INFO o.a.j.t.JMeterThread: Thread finished: 100 Users Thread Group 1-80
2020-03-22 20:08:14,484 INFO o.a.j.t.JMeterThread: Thread started: 100 Users Thread Group 1-81
2020-03-22 20:08:14,489 INFO o.a.j.t.JMeterThread: Thread is done: 100 Users Thread Group 1-81
2020-03-22 20:08:14,489 INFO o.a.j.t.JMeterThread: Thread finished: 100 Users Thread Group 1-81
2020-03-22 20:08:14,496 INFO o.a.j.t.JMeterThread: Thread started: 100 Users Thread Group 1-82
2020-03-22 20:08:14,501 INFO o.a.j.t.JMeterThread: Thread is done: 100 Users Thread Group 1-82
2020-03-22 20:08:14,501 INFO o.a.j.t.JMeterThread: Thread finished: 100 Users Thread Group 1-82
2020-03-22 20:08:14,516 INFO o.a.j.t.JMeterThread: Thread started: 100 Users Thread Group 1-84
2020-03-22 20:08:14,522 INFO o.a.j.t.JMeterThread: Thread is done: 100 Users Thread Group 1-84
2020-03-22 20:08:14,522 INFO o.a.j.t.JMeterThread: Thread finished: 100 Users Thread Group 1-84
2020-03-22 20:08:14,523 INFO o.a.j.t.JMeterThread: Thread started: 100 Users Thread Group 1-83
2020-03-22 20:08:14,529 INFO o.a.j.t.JMeterThread: Thread is done: 100 Users Thread Group 1-83
2020-03-22 20:08:14,529 INFO o.a.j.t.JMeterThread: Thread finished: 100 Users Thread Group 1-83
2020-03-22 20:08:14,535 INFO o.a.j.t.JMeterThread: Thread started: 100 Users Thread Group 1-86
2020-03-22 20:08:14,536 INFO o.a.j.t.JMeterThread: Thread started: 100 Users Thread Group 1-85
2020-03-22 20:08:14,540 INFO o.a.j.t.JMeterThread: Thread is done: 100 Users Thread Group 1-86
2020-03-22 20:08:14,540 INFO o.a.j.t.JMeterThread: Thread finished: 100 Users Thread Group 1-86
2020-03-22 20:08:14,542 INFO o.a.j.t.JMeterThread: Thread is done: 100 Users Thread Group 1-85
2020-03-22 20:08:14,542 INFO o.a.j.t.JMeterThread: Thread finished: 100 Users Thread Group 1-85
2020-03-22 20:08:14,543 INFO o.a.j.t.JMeterThread: Thread started: 100 Users Thread Group 1-87
2020-03-22 20:08:14,551 INFO o.a.j.t.JMeterThread: Thread is done: 100 Users Thread Group 1-87
2020-03-22 20:08:14,551 INFO o.a.j.t.JMeterThread: Thread finished: 100 Users Thread Group 1-87
2020-03-22 20:08:14,554 INFO o.a.j.t.JMeterThread: Thread started: 100 Users Thread Group 1-88
2020-03-22 20:08:14,562 INFO o.a.j.t.JMeterThread: Thread is done: 100 Users Thread Group 1-88
2020-03-22 20:08:14,562 INFO o.a.j.t.JMeterThread: Thread finished: 100 Users Thread Group 1-88
2020-03-22 20:08:14,568 INFO o.a.j.t.JMeterThread: Thread started: 100 Users Thread Group 1-89
2020-03-22 20:08:14,574 INFO o.a.j.t.JMeterThread: Thread is done: 100 Users Thread Group 1-89
2020-03-22 20:08:14,574 INFO o.a.j.t.JMeterThread: Thread finished: 100 Users Thread Group 1-89
2020-03-22 20:08:14,578 INFO o.a.j.t.JMeterThread: Thread started: 100 Users Thread Group 1-90
2020-03-22 20:08:14,584 INFO o.a.j.t.JMeterThread: Thread started: 100 Users Thread Group 1-91
2020-03-22 20:08:14,589 INFO o.a.j.t.JMeterThread: Thread is done: 100 Users Thread Group 1-91
2020-03-22 20:08:14,589 INFO o.a.j.t.JMeterThread: Thread finished: 100 Users Thread Group 1-91
2020-03-22 20:08:14,592 INFO o.a.j.t.JMeterThread: Thread is done: 100 Users Thread Group 1-90
2020-03-22 20:08:14,592 INFO o.a.j.t.JMeterThread: Thread finished: 100 Users Thread Group 1-90
2020-03-22 20:08:14,595 INFO o.a.j.t.JMeterThread: Thread started: 100 Users Thread Group 1-92
2020-03-22 20:08:14,602 INFO o.a.j.t.JMeterThread: Thread is done: 100 Users Thread Group 1-92
2020-03-22 20:08:14,602 INFO o.a.j.t.JMeterThread: Thread finished: 100 Users Thread Group 1-92
2020-03-22 20:08:14,609 INFO o.a.j.t.JMeterThread: Thread started: 100 Users Thread Group 1-93
2020-03-22 20:08:14,617 INFO o.a.j.t.JMeterThread: Thread is done: 100 Users Thread Group 1-93
2020-03-22 20:08:14,618 INFO o.a.j.t.JMeterThread: Thread finished: 100 Users Thread Group 1-93
2020-03-22 20:08:14,620 INFO o.a.j.t.JMeterThread: Thread started: 100 Users Thread Group 1-94
2020-03-22 20:08:14,626 INFO o.a.j.t.JMeterThread: Thread is done: 100 Users Thread Group 1-94
2020-03-22 20:08:14,626 INFO o.a.j.t.JMeterThread: Thread finished: 100 Users Thread Group 1-94
2020-03-22 20:08:14,630 INFO o.a.j.t.JMeterThread: Thread started: 100 Users Thread Group 1-95
2020-03-22 20:08:14,636 INFO o.a.j.t.JMeterThread: Thread started: 100 Users Thread Group 1-96
2020-03-22 20:08:14,638 INFO o.a.j.t.JMeterThread: Thread is done: 100 Users Thread Group 1-95
2020-03-22 20:08:14,638 INFO o.a.j.t.JMeterThread: Thread finished: 100 Users Thread Group 1-95
2020-03-22 20:08:14,640 INFO o.a.j.t.JMeterThread: Thread is done: 100 Users Thread Group 1-96
2020-03-22 20:08:14,640 INFO o.a.j.t.JMeterThread: Thread finished: 100 Users Thread Group 1-96
2020-03-22 20:08:14,661 INFO o.a.j.t.JMeterThread: Thread started: 100 Users Thread Group 1-98
2020-03-22 20:08:14,662 INFO o.a.j.t.JMeterThread: Thread started: 100 Users Thread Group 1-97
2020-03-22 20:08:14,665 INFO o.a.j.t.JMeterThread: Thread started: 100 Users Thread Group 1-99
2020-03-22 20:08:14,669 INFO o.a.j.t.JMeterThread: Thread is done: 100 Users Thread Group 1-97
2020-03-22 20:08:14,669 INFO o.a.j.t.JMeterThread: Thread finished: 100 Users Thread Group 1-97
2020-03-22 20:08:14,672 INFO o.a.j.t.JMeterThread: Thread is done: 100 Users Thread Group 1-99
2020-03-22 20:08:14,672 INFO o.a.j.t.JMeterThread: Thread finished: 100 Users Thread Group 1-99
2020-03-22 20:08:14,675 INFO o.a.j.t.JMeterThread: Thread is done: 100 Users Thread Group 1-98
2020-03-22 20:08:14,675 INFO o.a.j.t.JMeterThread: Thread finished: 100 Users Thread Group 1-98
2020-03-22 20:08:14,678 INFO o.a.j.t.JMeterThread: Thread started: 100 Users Thread Group 1-100
2020-03-22 20:08:14,686 INFO o.a.j.t.JMeterThread: Thread is done: 100 Users Thread Group 1-100
2020-03-22 20:08:14,686 INFO o.a.j.t.JMeterThread: Thread finished: 100 Users Thread Group 1-100
2020-03-22 20:08:14,687 INFO o.a.j.e.StandardJMeterEngine: Starting tearDown thread groups
2020-03-22 20:08:14,687 INFO o.a.j.e.StandardJMeterEngine: Starting tearDown ThreadGroup: 1 : tearDown Thread Group
2020-03-22 20:08:14,687 INFO o.a.j.e.StandardJMeterEngine: Starting 1 threads for group tearDown Thread Group.
2020-03-22 20:08:14,687 INFO o.a.j.e.StandardJMeterEngine: Thread will continue on error
2020-03-22 20:08:14,687 INFO o.a.j.t.ThreadGroup: Starting thread group... number=1 threads=1 ramp-up=1 delayedStart=false
2020-03-22 20:08:14,688 INFO o.a.j.t.ThreadGroup: Started thread group number 1
2020-03-22 20:08:14,688 INFO o.a.j.t.JMeterThread: Thread started: tearDown Thread Group 1-1
2020-03-22 20:08:14,892 INFO o.a.j.t.JMeterThread: Thread is done: tearDown Thread Group 1-1
2020-03-22 20:08:14,892 INFO o.a.j.t.JMeterThread: Thread finished: tearDown Thread Group 1-1
2020-03-22 20:08:14,892 INFO o.a.j.e.StandardJMeterEngine: Notifying test listeners of end of test
2020-03-22 20:08:14,893 INFO o.a.j.s.FileServer: Close: /home/muggy/leic_3ano_2semestre/es/project/proj1/es20al_10-project/backend/jmeter/tournament/TournamentDataForSignUp.csv
2020-03-22 20:08:14,893 INFO o.a.j.s.FileServer: Close: /home/muggy/leic_3ano_2semestre/es/project/proj1/es20al_10-project/backend/jmeter/tournament/TournamentDataForSignUp2.csv@65744003
2020-03-22 20:08:14,897 INFO o.a.j.g.u.JMeterMenuBar: setRunning(false, *local*)
